Log file open, 04/05/22 23:38:47
LogWindows: Failed to load 'aqProf.dll' (GetLastError=126)
LogWindows: File 'aqProf.dll' does not exist
LogWindows: Failed to load 'VtuneApi.dll' (GetLastError=126)
LogWindows: File 'VtuneApi.dll' does not exist
LogWindows: Failed to load 'VtuneApi32e.dll' (GetLastError=126)
LogWindows: File 'VtuneApi32e.dll' does not exist
LogConsoleResponse: Display: Failed to find resolution value strings in scalability ini. Falling back to default.
LogConsoleResponse: Display: Failed to find resolution value strings in scalability ini. Falling back to default.
LogInit: Display: Running engine for game: MyFirstProject
LogPlatformFile: Not using cached read wrapper
LogTaskGraph: Started task graph with 5 named threads and 23 total threads with 3 sets of task threads.
LogStats: Stats thread started at 0.313960
LogICUInternationalization: ICU TimeZone Detection - Raw Offset: +2:00, Platform Override: ''
LogInit: Display: Loading text-based GConfig....
LogPluginManager: Mounting plugin MeshPainting
LogPluginManager: Mounting plugin XGEController
LogPluginManager: Mounting plugin Paper2D
LogPluginManager: Mounting plugin EnvironmentQueryEditor
LogPluginManager: Mounting plugin AISupport
LogPluginManager: Mounting plugin LiveLink
LogPluginManager: Mounting plugin LightPropagationVolume
LogPluginManager: Mounting plugin CameraShakePreviewer
LogPluginManager: Mounting plugin GameplayCameras
LogPluginManager: Mounting plugin AnimationSharing
LogPluginManager: Mounting plugin CodeLiteSourceCodeAccess
LogPluginManager: Mounting plugin CLionSourceCodeAccess
LogPluginManager: Mounting plugin NullSourceCodeAccess
LogPluginManager: Mounting plugin GitSourceControl
LogPluginManager: Mounting plugin KDevelopSourceCodeAccess
LogPluginManager: Mounting plugin PerforceSourceControl
LogPluginManager: Mounting plugin PixWinPlugin
LogPluginManager: Mounting plugin PlasticSourceControl
LogPluginManager: Mounting plugin PluginUtils
LogPluginManager: Mounting plugin PropertyAccessNode
LogPluginManager: Mounting plugin TextureFormatOodle
LogPluginManager: Mounting plugin SubversionSourceControl
LogPluginManager: Mounting plugin RiderSourceCodeAccess
LogPluginManager: Mounting plugin UObjectPlugin
LogPluginManager: Mounting plugin VisualStudioSourceCodeAccess
LogPluginManager: Mounting plugin VisualStudioCodeSourceCodeAccess
LogPluginManager: Mounting plugin XCodeSourceCodeAccess
LogPluginManager: Mounting plugin OodleData
LogPluginManager: Mounting plugin OodleNetwork
LogPluginManager: Mounting plugin DatasmithContent
LogPluginManager: Mounting plugin VariantManagerContent
LogPluginManager: Mounting plugin AlembicImporter
LogPluginManager: Mounting plugin BackChannel
LogPluginManager: Mounting plugin AutomationUtils
LogPluginManager: Mounting plugin ChaosClothEditor
LogPluginManager: Mounting plugin ChaosCloth
LogPluginManager: Mounting plugin ChaosEditor
LogPluginManager: Mounting plugin ChaosNiagara
LogPluginManager: Mounting plugin ChaosSolverPlugin
LogPluginManager: Mounting plugin CharacterAI
LogPluginManager: Mounting plugin GeometryCache
LogPluginManager: Mounting plugin GeometryCollectionPlugin
LogPluginManager: Mounting plugin AssetManagerEditor
LogPluginManager: Mounting plugin GeometryProcessing
LogPluginManager: Mounting plugin MotoSynth
LogPluginManager: Mounting plugin OpenImageDenoise
LogPluginManager: Mounting plugin PlanarCut
LogPluginManager: Mounting plugin PlatformCrypto
LogPluginManager: Mounting plugin ProxyLODPlugin
LogPluginManager: Mounting plugin Niagara
LogPluginManager: Mounting plugin PythonScriptPlugin
LogPluginManager: Mounting plugin SkeletalReduction
LogPluginManager: Mounting plugin CryptoKeys
LogPluginManager: Mounting plugin CurveEditorTools
LogPluginManager: Mounting plugin DataValidation
LogPluginManager: Mounting plugin FacialAnimation
LogPluginManager: Mounting plugin GeometryMode
LogPluginManager: Mounting plugin GameplayTagsEditor
LogPluginManager: Mounting plugin MacGraphicsSwitching
LogPluginManager: Mounting plugin MaterialAnalyzer
LogPluginManager: Mounting plugin MobileLauncherProfileWizard
LogPluginManager: Mounting plugin SpeedTreeImporter
LogPluginManager: Mounting plugin PluginBrowser
LogPluginManager: Mounting plugin LuminPlatformFeatures
LogPluginManager: Mounting plugin MagicLeap
LogPluginManager: Mounting plugin MagicLeapMedia
LogPluginManager: Mounting plugin MagicLeapLightEstimation
LogPluginManager: Mounting plugin MagicLeapPassableWorld
LogPluginManager: Mounting plugin MLSDK
LogPluginManager: Mounting plugin AndroidMedia
LogPluginManager: Mounting plugin AvfMedia
LogPluginManager: Mounting plugin ImgMedia
LogPluginManager: Mounting plugin MediaCompositing
LogPluginManager: Mounting plugin MediaPlayerEditor
LogPluginManager: Mounting plugin WebMMedia
LogPluginManager: Mounting plugin WmfMedia
LogPluginManager: Mounting plugin ActorSequence
LogPluginManager: Mounting plugin TcpMessaging
LogPluginManager: Mounting plugin LevelSequenceEditor
LogPluginManager: Mounting plugin UdpMessaging
LogPluginManager: Mounting plugin MatineeToLevelSequence
LogPluginManager: Mounting plugin TemplateSequence
LogPluginManager: Mounting plugin OnlineSubsystem
LogPluginManager: Mounting plugin OnlineSubsystemNull
LogPluginManager: Mounting plugin OnlineSubsystemUtils
LogPluginManager: Mounting plugin ActorLayerUtilities
LogPluginManager: Mounting plugin AndroidDeviceProfileSelector
LogPluginManager: Mounting plugin AndroidPermission
LogPluginManager: Mounting plugin AndroidMoviePlayer
LogPluginManager: Mounting plugin AppleImageUtils
LogPluginManager: Mounting plugin AppleMoviePlayer
LogPluginManager: Mounting plugin ArchVisCharacter
LogPluginManager: Mounting plugin AssetTags
LogPluginManager: Mounting plugin AudioSynesthesia
LogPluginManager: Mounting plugin AudioCapture
LogPluginManager: Mounting plugin ChunkDownloader
LogPluginManager: Mounting plugin LauncherChunkInstaller
LogPluginManager: Mounting plugin CableComponent
LogPluginManager: Mounting plugin CustomMeshComponent
LogPluginManager: Mounting plugin EditableMesh
LogPluginManager: Mounting plugin ExampleDeviceProfileSelector
LogPluginManager: Mounting plugin GoogleCloudMessaging
LogPluginManager: Mounting plugin GooglePAD
LogPluginManager: Mounting plugin IOSDeviceProfileSelector
LogPluginManager: Mounting plugin LinuxDeviceProfileSelector
LogPluginManager: Mounting plugin LocationServicesBPLibrary
LogPluginManager: Mounting plugin MobilePatchingUtils
LogPluginManager: Mounting plugin ScreenshotTools
LogPluginManager: Mounting plugin Takes
LogPluginManager: Mounting plugin OpenXR
LogPluginManager: Mounting plugin OpenXREyeTracker
LogPluginManager: Mounting plugin OpenXRHandTracking
LogPluginManager: Mounting plugin PostSplashScreen
LogPluginManager: Mounting plugin PhysXVehicles
LogPluginManager: Mounting plugin PropertyAccessEditor
LogPluginManager: Mounting plugin RuntimePhysXCooking
LogPluginManager: Mounting plugin SignificanceManager
LogPluginManager: Mounting plugin ProceduralMeshComponent
LogPluginManager: Mounting plugin SoundFields
LogPluginManager: Mounting plugin Synthesis
LogPluginManager: Mounting plugin WebMMoviePlayer
LogPluginManager: Mounting plugin WindowsMoviePlayer
LogPluginManager: Mounting plugin ContentBrowserAssetDataSource
LogPluginManager: Mounting plugin ContentBrowserClassDataSource
LogPluginManager: Mounting plugin ContentBrowserFileDataSource
LogPluginManager: Mounting plugin OnlineSubsystemGooglePlay
LogPluginManager: Mounting plugin OnlineSubsystemIOS
LogPluginManager: Mounting plugin OculusVR
LogPluginManager: Mounting plugin SteamVR
PixWinPlugin: PIX capture plugin failed to initialize! Check that the process is launched from PIX.
LogInit: Using libcurl 7.55.1-DEV
LogInit:  - built for x86_64-pc-win32
LogInit:  - supports SSL with OpenSSL/1.1.1
LogInit:  - supports HTTP deflate (compression) using libz 1.2.8
LogInit:  - other features:
LogInit:      CURL_VERSION_SSL
LogInit:      CURL_VERSION_LIBZ
LogInit:      CURL_VERSION_IPV6
LogInit:      CURL_VERSION_ASYNCHDNS
LogInit:      CURL_VERSION_LARGEFILE
LogInit:      CURL_VERSION_IDN
LogInit:  CurlRequestOptions (configurable via config and command line):
LogInit:  - bVerifyPeer = true  - Libcurl will verify peer certificate
LogInit:  - bUseHttpProxy = false  - Libcurl will NOT use HTTP proxy
LogInit:  - bDontReuseConnections = false  - Libcurl will reuse connections
LogInit:  - MaxHostConnections = 16  - Libcurl will limit the number of connections to a host
LogInit:  - LocalHostAddr = Default
LogInit:  - BufferSize = 65536
LogOnline: OSS: Creating online subsystem instance for: NULL
LogInit: WinSock: version 1.1 (2.2), MaxSocks=32767, MaxUdp=65467
LogOnline: OSS: TryLoadSubsystemAndSetDefault: Loaded subsystem for module [NULL]
LogOculusPluginWrapper: OculusPlugin initialized successfully
LogHMD: Failed initializing OVRPlugin 1.59.0
LogInit: Build: ++UE4+Release-4.27-CL-18319896
LogInit: Engine Version: 4.27.2-18319896+++UE4+Release-4.27
LogInit: Compatible Engine Version: 4.27.0-17155196+++UE4+Release-4.27
LogInit: Net CL: 17155196
LogInit: OS: Windows 10 (Release 2009) (), CPU: Intel(R) Core(TM) i7-7700HQ CPU @ 2.80GHz, GPU: NVIDIA GeForce GTX 1050 Ti
LogInit: Compiled (64-bit): Nov 30 2021 07:12:08
LogInit: Compiled with Visual C++: 19.24.28315.00
LogInit: Build Configuration: Development
LogInit: Branch Name: ++UE4+Release-4.27
LogInit: Command Line:  -EpicPortal -epicusername=Pr0Xdev -epicuserid=02ba44f0fbc5495187ced258a9baea29 -epiclocale=en -epicsandboxid=ue
LogInit: Base Directory: D:/unreal engine/UE_4.27/Engine/Binaries/Win64/
LogInit: Allocator: TBB
LogInit: Installed Engine Build: 1
LogDevObjectVersion: Number of dev versions registered: 29
LogDevObjectVersion:   Dev-Blueprints (B0D832E4-1F89-4F0D-ACCF-7EB736FD4AA2): 10
LogDevObjectVersion:   Dev-Build (E1C64328-A22C-4D53-A36C-8E866417BD8C): 0
LogDevObjectVersion:   Dev-Core (375EC13C-06E4-48FB-B500-84F0262A717E): 4
LogDevObjectVersion:   Dev-Editor (E4B068ED-F494-42E9-A231-DA0B2E46BB41): 40
LogDevObjectVersion:   Dev-Framework (CFFC743F-43B0-4480-9391-14DF171D2073): 37
LogDevObjectVersion:   Dev-Mobile (B02B49B5-BB20-44E9-A304-32B752E40360): 3
LogDevObjectVersion:   Dev-Networking (A4E4105C-59A1-49B5-A7C5-40C4547EDFEE): 0
LogDevObjectVersion:   Dev-Online (39C831C9-5AE6-47DC-9A44-9C173E1C8E7C): 0
LogDevObjectVersion:   Dev-Physics (78F01B33-EBEA-4F98-B9B4-84EACCB95AA2): 14
LogDevObjectVersion:   Dev-Platform (6631380F-2D4D-43E0-8009-CF276956A95A): 0
LogDevObjectVersion:   Dev-Rendering (12F88B9F-8875-4AFC-A67C-D90C383ABD29): 45
LogDevObjectVersion:   Dev-Sequencer (7B5AE74C-D270-4C10-A958-57980B212A5A): 13
LogDevObjectVersion:   Dev-VR (D7296918-1DD6-4BDD-9DE2-64A83CC13884): 3
LogDevObjectVersion:   Dev-LoadTimes (C2A15278-BFE7-4AFE-6C17-90FF531DF755): 1
LogDevObjectVersion:   Private-Geometry (6EACA3D4-40EC-4CC1-B786-8BED09428FC5): 3
LogDevObjectVersion:   Dev-AnimPhys (29E575DD-E0A3-4627-9D10-D276232CDCEA): 17
LogDevObjectVersion:   Dev-Anim (AF43A65D-7FD3-4947-9873-3E8ED9C1BB05): 15
LogDevObjectVersion:   Dev-ReflectionCapture (6B266CEC-1EC7-4B8F-A30B-E4D90942FC07): 1
LogDevObjectVersion:   Dev-Automation (0DF73D61-A23F-47EA-B727-89E90C41499A): 1
LogDevObjectVersion:   FortniteMain (601D1886-AC64-4F84-AA16-D3DE0DEAC7D6): 47
LogDevObjectVersion:   FortniteRelease (E7086368-6B23-4C58-8439-1B7016265E91): 1
LogDevObjectVersion:   Dev-Enterprise (9DFFBCD6-494F-0158-E221-12823C92A888): 10
LogDevObjectVersion:   Dev-Niagara (F2AED0AC-9AFE-416F-8664-AA7FFA26D6FC): 1
LogDevObjectVersion:   Dev-Destruction (174F1F0B-B4C6-45A5-B13F-2EE8D0FB917D): 10
LogDevObjectVersion:   Dev-Physics-Ext (35F94A83-E258-406C-A318-09F59610247C): 41
LogDevObjectVersion:   Dev-PhysicsMaterial-Chaos (B68FC16E-8B1B-42E2-B453-215C058844FE): 1
LogDevObjectVersion:   Dev-CineCamera (B2E18506-4273-CFC2-A54E-F4BB758BBA07): 1
LogDevObjectVersion:   Dev-VirtualProduction (64F58936-FD1B-42BA-BA96-7289D5D0FA4E): 1
LogDevObjectVersion:   Dev-MediaFramework (6F0ED827-A609-4895-9C91-998D90180EA4): 2
LogInit: Presizing for max 25165824 objects, including 0 objects not considered by GC, pre-allocating 0 bytes for permanent pool.
LogConfig: Applying CVar settings from Section [/Script/Engine.StreamingSettings] File [C:/Users/Kevin/Documents/Unreal Projects/blueprintproj1/Saved/Config/Windows/Engine.ini]
LogConfig: Setting CVar [[s.MinBulkDataSizeForAsyncLoading:131072]]
LogConfig: Setting CVar [[s.AsyncLoadingThreadEnabled:0]]
LogConfig: Setting CVar [[s.EventDrivenLoaderEnabled:1]]
LogConfig: Setting CVar [[s.WarnIfTimeLimitExceeded:0]]
LogConfig: Setting CVar [[s.TimeLimitExceededMultiplier:1.5]]
LogConfig: Setting CVar [[s.TimeLimitExceededMinTime:0.005]]
LogConfig: Setting CVar [[s.UseBackgroundLevelStreaming:1]]
LogConfig: Setting CVar [[s.PriorityAsyncLoadingExtraTime:15.0]]
LogConfig: Setting CVar [[s.LevelStreamingActorsUpdateTimeLimit:5.0]]
LogConfig: Setting CVar [[s.PriorityLevelStreamingActorsUpdateExtraTime:5.0]]
LogConfig: Setting CVar [[s.LevelStreamingComponentsRegistrationGranularity:10]]
LogConfig: Setting CVar [[s.UnregisterComponentsTimeLimit:1.0]]
LogConfig: Setting CVar [[s.LevelStreamingComponentsUnregistrationGranularity:5]]
LogConfig: Setting CVar [[s.FlushStreamingOnExit:1]]
LogInit: Object subsystem initialized
LogConfig: Setting CVar [[con.DebugEarlyDefault:1]]
LogConfig: Setting CVar [[r.setres:1280x720]]
[2022.04.05-20.38.48:177][  0]LogConfig: Setting CVar [[r.VSync:0]]
[2022.04.05-20.38.48:177][  0]LogConfig: Setting CVar [[r.RHICmdBypass:0]]
[2022.04.05-20.38.48:177][  0]LogConfig: Applying CVar settings from Section [/Script/Engine.RendererSettings] File [C:/Users/Kevin/Documents/Unreal Projects/blueprintproj1/Saved/Config/Windows/Engine.ini]
[2022.04.05-20.38.48:177][  0]LogConfig: Setting CVar [[r.GPUCrashDebugging:0]]
[2022.04.05-20.38.48:177][  0]LogConfig: Applying CVar settings from Section [/Script/Engine.RendererOverrideSettings] File [C:/Users/Kevin/Documents/Unreal Projects/blueprintproj1/Saved/Config/Windows/Engine.ini]
[2022.04.05-20.38.48:177][  0]LogConfig: Applying CVar settings from Section [/Script/Engine.StreamingSettings] File [C:/Users/Kevin/Documents/Unreal Projects/blueprintproj1/Saved/Config/Windows/Engine.ini]
[2022.04.05-20.38.48:177][  0]LogConfig: Setting CVar [[s.MinBulkDataSizeForAsyncLoading:131072]]
[2022.04.05-20.38.48:177][  0]LogConfig: Setting CVar [[s.AsyncLoadingThreadEnabled:0]]
[2022.04.05-20.38.48:177][  0]LogConfig: Setting CVar [[s.EventDrivenLoaderEnabled:1]]
[2022.04.05-20.38.48:177][  0]LogConfig: Setting CVar [[s.WarnIfTimeLimitExceeded:0]]
[2022.04.05-20.38.48:177][  0]LogConfig: Setting CVar [[s.TimeLimitExceededMultiplier:1.5]]
[2022.04.05-20.38.48:177][  0]LogConfig: Setting CVar [[s.TimeLimitExceededMinTime:0.005]]
[2022.04.05-20.38.48:177][  0]LogConfig: Setting CVar [[s.UseBackgroundLevelStreaming:1]]
[2022.04.05-20.38.48:177][  0]LogConfig: Setting CVar [[s.PriorityAsyncLoadingExtraTime:15.0]]
[2022.04.05-20.38.48:177][  0]LogConfig: Setting CVar [[s.LevelStreamingActorsUpdateTimeLimit:5.0]]
[2022.04.05-20.38.48:177][  0]LogConfig: Setting CVar [[s.PriorityLevelStreamingActorsUpdateExtraTime:5.0]]
[2022.04.05-20.38.48:177][  0]LogConfig: Setting CVar [[s.LevelStreamingComponentsRegistrationGranularity:10]]
[2022.04.05-20.38.48:177][  0]LogConfig: Setting CVar [[s.UnregisterComponentsTimeLimit:1.0]]
[2022.04.05-20.38.48:177][  0]LogConfig: Setting CVar [[s.LevelStreamingComponentsUnregistrationGranularity:5]]
[2022.04.05-20.38.48:177][  0]LogConfig: Setting CVar [[s.FlushStreamingOnExit:1]]
[2022.04.05-20.38.48:177][  0]LogConfig: Applying CVar settings from Section [/Script/Engine.GarbageCollectionSettings] File [C:/Users/Kevin/Documents/Unreal Projects/blueprintproj1/Saved/Config/Windows/Engine.ini]
[2022.04.05-20.38.48:177][  0]LogConfig: Setting CVar [[gc.MaxObjectsNotConsideredByGC:1]]
[2022.04.05-20.38.48:177][  0]LogConfig: Setting CVar [[gc.SizeOfPermanentObjectPool:0]]
[2022.04.05-20.38.48:177][  0]LogConfig: Setting CVar [[gc.FlushStreamingOnGC:0]]
[2022.04.05-20.38.48:177][  0]LogConfig: Setting CVar [[gc.NumRetriesBeforeForcingGC:10]]
[2022.04.05-20.38.48:177][  0]LogConfig: Setting CVar [[gc.AllowParallelGC:1]]
[2022.04.05-20.38.48:177][  0]LogConfig: Setting CVar [[gc.TimeBetweenPurgingPendingKillObjects:61.1]]
[2022.04.05-20.38.48:177][  0]LogConfig: Setting CVar [[gc.MaxObjectsInEditor:25165824]]
[2022.04.05-20.38.48:177][  0]LogConfig: Setting CVar [[gc.IncrementalBeginDestroyEnabled:1]]
[2022.04.05-20.38.48:177][  0]LogConfig: Setting CVar [[gc.CreateGCClusters:1]]
[2022.04.05-20.38.48:178][  0]LogConfig: Setting CVar [[gc.MinGCClusterSize:5]]
[2022.04.05-20.38.48:178][  0]LogConfig: Setting CVar [[gc.ActorClusteringEnabled:0]]
[2022.04.05-20.38.48:178][  0]LogConfig: Setting CVar [[gc.BlueprintClusteringEnabled:0]]
[2022.04.05-20.38.48:178][  0]LogConfig: Setting CVar [[gc.UseDisregardForGCOnDedicatedServers:0]]
[2022.04.05-20.38.48:178][  0]LogConfig: Setting CVar [[gc.MultithreadedDestructionEnabled:1]]
[2022.04.05-20.38.48:178][  0]LogConfig: Applying CVar settings from Section [/Script/Engine.NetworkSettings] File [C:/Users/Kevin/Documents/Unreal Projects/blueprintproj1/Saved/Config/Windows/Engine.ini]
[2022.04.05-20.38.48:178][  0]LogConfig: Applying CVar settings from Section [/Script/UnrealEd.CookerSettings] File [C:/Users/Kevin/Documents/Unreal Projects/blueprintproj1/Saved/Config/Windows/Engine.ini]
[2022.04.05-20.38.48:213][  0]LogConfig: Applying CVar settings from Section [ViewDistanceQuality@3] File [C:/Users/Kevin/Documents/Unreal Projects/blueprintproj1/Saved/Config/Windows/Scalability.ini]
[2022.04.05-20.38.48:214][  0]LogConfig: Setting CVar [[r.SkeletalMeshLODBias:0]]
[2022.04.05-20.38.48:214][  0]LogConfig: Setting CVar [[r.ViewDistanceScale:1.0]]
[2022.04.05-20.38.48:214][  0]LogConfig: Applying CVar settings from Section [AntiAliasingQuality@3] File [C:/Users/Kevin/Documents/Unreal Projects/blueprintproj1/Saved/Config/Windows/Scalability.ini]
[2022.04.05-20.38.48:214][  0]LogConfig: Setting CVar [[r.PostProcessAAQuality:4]]
[2022.04.05-20.38.48:214][  0]LogConfig: Applying CVar settings from Section [ShadowQuality@3] File [C:/Users/Kevin/Documents/Unreal Projects/blueprintproj1/Saved/Config/Windows/Scalability.ini]
[2022.04.05-20.38.48:214][  0]LogConfig: Setting CVar [[r.LightFunctionQuality:1]]
[2022.04.05-20.38.48:214][  0]LogConfig: Setting CVar [[r.ShadowQuality:5]]
[2022.04.05-20.38.48:214][  0]LogConfig: Setting CVar [[r.Shadow.CSM.MaxCascades:10]]
[2022.04.05-20.38.48:214][  0]LogConfig: Setting CVar [[r.Shadow.MaxResolution:2048]]
[2022.04.05-20.38.48:214][  0]LogConfig: Setting CVar [[r.Shadow.MaxCSMResolution:2048]]
[2022.04.05-20.38.48:214][  0]LogConfig: Setting CVar [[r.Shadow.RadiusThreshold:0.01]]
[2022.04.05-20.38.48:214][  0]LogConfig: Setting CVar [[r.Shadow.DistanceScale:1.0]]
[2022.04.05-20.38.48:214][  0]LogConfig: Setting CVar [[r.Shadow.CSM.TransitionScale:1.0]]
[2022.04.05-20.38.48:214][  0]LogConfig: Setting CVar [[r.Shadow.PreShadowResolutionFactor:1.0]]
[2022.04.05-20.38.48:214][  0]LogConfig: Setting CVar [[r.DistanceFieldShadowing:1]]
[2022.04.05-20.38.48:214][  0]LogConfig: Setting CVar [[r.DistanceFieldAO:1]]
[2022.04.05-20.38.48:214][  0]LogConfig: Setting CVar [[r.AOQuality:2]]
[2022.04.05-20.38.48:214][  0]LogConfig: Setting CVar [[r.VolumetricFog:1]]
[2022.04.05-20.38.48:214][  0]LogConfig: Setting CVar [[r.VolumetricFog.GridPixelSize:8]]
[2022.04.05-20.38.48:214][  0]LogConfig: Setting CVar [[r.VolumetricFog.GridSizeZ:128]]
[2022.04.05-20.38.48:214][  0]LogConfig: Setting CVar [[r.VolumetricFog.HistoryMissSupersampleCount:4]]
[2022.04.05-20.38.48:214][  0]LogConfig: Setting CVar [[r.LightMaxDrawDistanceScale:1]]
[2022.04.05-20.38.48:214][  0]LogConfig: Setting CVar [[r.CapsuleShadows:1]]
[2022.04.05-20.38.48:214][  0]LogConfig: Applying CVar settings from Section [PostProcessQuality@3] File [C:/Users/Kevin/Documents/Unreal Projects/blueprintproj1/Saved/Config/Windows/Scalability.ini]
[2022.04.05-20.38.48:214][  0]LogConfig: Setting CVar [[r.MotionBlurQuality:4]]
[2022.04.05-20.38.48:214][  0]LogConfig: Setting CVar [[r.AmbientOcclusionMipLevelFactor:0.4]]
[2022.04.05-20.38.48:214][  0]LogConfig: Setting CVar [[r.AmbientOcclusionMaxQuality:100]]
[2022.04.05-20.38.48:214][  0]LogConfig: Setting CVar [[r.AmbientOcclusionLevels:-1]]
[2022.04.05-20.38.48:214][  0]LogConfig: Setting CVar [[r.AmbientOcclusionRadiusScale:1.0]]
[2022.04.05-20.38.48:214][  0]LogConfig: Setting CVar [[r.DepthOfFieldQuality:2]]
[2022.04.05-20.38.48:214][  0]LogConfig: Setting CVar [[r.RenderTargetPoolMin:400]]
[2022.04.05-20.38.48:214][  0]LogConfig: Setting CVar [[r.LensFlareQuality:2]]
[2022.04.05-20.38.48:214][  0]LogConfig: Setting CVar [[r.SceneColorFringeQuality:1]]
[2022.04.05-20.38.48:214][  0]LogConfig: Setting CVar [[r.EyeAdaptationQuality:2]]
[2022.04.05-20.38.48:214][  0]LogConfig: Setting CVar [[r.BloomQuality:5]]
[2022.04.05-20.38.48:214][  0]LogConfig: Setting CVar [[r.FastBlurThreshold:100]]
[2022.04.05-20.38.48:214][  0]LogConfig: Setting CVar [[r.Upscale.Quality:3]]
[2022.04.05-20.38.48:214][  0]LogConfig: Setting CVar [[r.Tonemapper.GrainQuantization:1]]
[2022.04.05-20.38.48:214][  0]LogConfig: Setting CVar [[r.LightShaftQuality:1]]
[2022.04.05-20.38.48:214][  0]LogConfig: Setting CVar [[r.Filter.SizeScale:1]]
[2022.04.05-20.38.48:214][  0]LogConfig: Setting CVar [[r.Tonemapper.Quality:5]]
[2022.04.05-20.38.48:214][  0]LogConfig: Setting CVar [[r.DOF.Gather.AccumulatorQuality:1        ; higher gathering accumulator quality]]
[2022.04.05-20.38.48:214][  0]LogConfig: Setting CVar [[r.DOF.Gather.PostfilterMethod:1          ; Median3x3 postfilering method]]
[2022.04.05-20.38.48:214][  0]LogConfig: Setting CVar [[r.DOF.Gather.EnableBokehSettings:0       ; no bokeh simulation when gathering]]
[2022.04.05-20.38.48:214][  0]LogConfig: Setting CVar [[r.DOF.Gather.RingCount:4                 ; medium number of samples when gathering]]
[2022.04.05-20.38.48:214][  0]LogConfig: Setting CVar [[r.DOF.Scatter.ForegroundCompositing:1    ; additive foreground scattering]]
[2022.04.05-20.38.48:214][  0]LogConfig: Setting CVar [[r.DOF.Scatter.BackgroundCompositing:2    ; additive background scattering]]
[2022.04.05-20.38.48:214][  0]LogConfig: Setting CVar [[r.DOF.Scatter.EnableBokehSettings:1      ; bokeh simulation when scattering]]
[2022.04.05-20.38.48:214][  0]LogConfig: Setting CVar [[r.DOF.Scatter.MaxSpriteRatio:0.1         ; only a maximum of 10% of scattered bokeh]]
[2022.04.05-20.38.48:214][  0]LogConfig: Setting CVar [[r.DOF.Recombine.Quality:1                ; cheap slight out of focus]]
[2022.04.05-20.38.48:214][  0]LogConfig: Setting CVar [[r.DOF.Recombine.EnableBokehSettings:0    ; no bokeh simulation on slight out of focus]]
[2022.04.05-20.38.48:214][  0]LogConfig: Setting CVar [[r.DOF.TemporalAAQuality:1                ; more stable temporal accumulation]]
[2022.04.05-20.38.48:214][  0]LogConfig: Setting CVar [[r.DOF.Kernel.MaxForegroundRadius:0.025]]
[2022.04.05-20.38.48:214][  0]LogConfig: Setting CVar [[r.DOF.Kernel.MaxBackgroundRadius:0.025]]
[2022.04.05-20.38.48:214][  0]LogConfig: Applying CVar settings from Section [TextureQuality@3] File [C:/Users/Kevin/Documents/Unreal Projects/blueprintproj1/Saved/Config/Windows/Scalability.ini]
[2022.04.05-20.38.48:214][  0]LogConfig: Setting CVar [[r.Streaming.MipBias:0]]
[2022.04.05-20.38.48:214][  0]LogConfig: Setting CVar [[r.Streaming.AmortizeCPUToGPUCopy:0]]
[2022.04.05-20.38.48:214][  0]LogConfig: Setting CVar [[r.Streaming.MaxNumTexturesToStreamPerFrame:0]]
[2022.04.05-20.38.48:214][  0]LogConfig: Setting CVar [[r.Streaming.Boost:1]]
[2022.04.05-20.38.48:214][  0]LogConfig: Setting CVar [[r.MaxAnisotropy:8]]
[2022.04.05-20.38.48:214][  0]LogConfig: Setting CVar [[r.VT.MaxAnisotropy:8]]
[2022.04.05-20.38.48:215][  0]LogConfig: Setting CVar [[r.Streaming.LimitPoolSizeToVRAM:0]]
[2022.04.05-20.38.48:215][  0]LogConfig: Setting CVar [[r.Streaming.PoolSize:1000]]
[2022.04.05-20.38.48:215][  0]LogConfig: Setting CVar [[r.Streaming.MaxEffectiveScreenSize:0]]
[2022.04.05-20.38.48:215][  0]LogConfig: Applying CVar settings from Section [EffectsQuality@3] File [C:/Users/Kevin/Documents/Unreal Projects/blueprintproj1/Saved/Config/Windows/Scalability.ini]
[2022.04.05-20.38.48:215][  0]LogConfig: Setting CVar [[r.TranslucencyLightingVolumeDim:64]]
[2022.04.05-20.38.48:215][  0]LogConfig: Setting CVar [[r.RefractionQuality:2]]
[2022.04.05-20.38.48:215][  0]LogConfig: Setting CVar [[r.SSR.Quality:3]]
[2022.04.05-20.38.48:215][  0]LogConfig: Setting CVar [[r.SSR.HalfResSceneColor:0]]
[2022.04.05-20.38.48:215][  0]LogConfig: Setting CVar [[r.SceneColorFormat:4]]
[2022.04.05-20.38.48:215][  0]LogConfig: Setting CVar [[r.DetailMode:2]]
[2022.04.05-20.38.48:215][  0]LogConfig: Setting CVar [[r.TranslucencyVolumeBlur:1]]
[2022.04.05-20.38.48:215][  0]LogConfig: Setting CVar [[r.MaterialQualityLevel:1 ; High quality]]
[2022.04.05-20.38.48:215][  0]LogConfig: Setting CVar [[r.AnisotropicMaterials:1]]
[2022.04.05-20.38.48:215][  0]LogConfig: Setting CVar [[r.SSS.Scale:1]]
[2022.04.05-20.38.48:215][  0]LogConfig: Setting CVar [[r.SSS.SampleSet:2]]
[2022.04.05-20.38.48:215][  0]LogConfig: Setting CVar [[r.SSS.Quality:1]]
[2022.04.05-20.38.48:215][  0]LogConfig: Setting CVar [[r.SSS.HalfRes:0]]
[2022.04.05-20.38.48:215][  0]LogConfig: Setting CVar [[r.SSGI.Quality:3]]
[2022.04.05-20.38.48:215][  0]LogConfig: Setting CVar [[r.EmitterSpawnRateScale:1.0]]
[2022.04.05-20.38.48:215][  0]LogConfig: Setting CVar [[r.ParticleLightQuality:2]]
[2022.04.05-20.38.48:215][  0]LogConfig: Setting CVar [[r.SkyAtmosphere.AerialPerspectiveLUT.FastApplyOnOpaque:1 ; Always have FastSkyLUT 1 in this case to avoid wrong sky]]
[2022.04.05-20.38.48:215][  0]LogConfig: Setting CVar [[r.SkyAtmosphere.AerialPerspectiveLUT.SampleCountMaxPerSlice:4]]
[2022.04.05-20.38.48:215][  0]LogConfig: Setting CVar [[r.SkyAtmosphere.AerialPerspectiveLUT.DepthResolution:16.0]]
[2022.04.05-20.38.48:215][  0]LogConfig: Setting CVar [[r.SkyAtmosphere.FastSkyLUT:1]]
[2022.04.05-20.38.48:215][  0]LogConfig: Setting CVar [[r.SkyAtmosphere.FastSkyLUT.SampleCountMin:4.0]]
[2022.04.05-20.38.48:215][  0]LogConfig: Setting CVar [[r.SkyAtmosphere.FastSkyLUT.SampleCountMax:128.0]]
[2022.04.05-20.38.48:215][  0]LogConfig: Setting CVar [[r.SkyAtmosphere.SampleCountMin:4.0]]
[2022.04.05-20.38.48:215][  0]LogConfig: Setting CVar [[r.SkyAtmosphere.SampleCountMax:128.0]]
[2022.04.05-20.38.48:215][  0]LogConfig: Setting CVar [[r.SkyAtmosphere.TransmittanceLUT.UseSmallFormat:0]]
[2022.04.05-20.38.48:215][  0]LogConfig: Setting CVar [[r.SkyAtmosphere.TransmittanceLUT.SampleCount:10.0]]
[2022.04.05-20.38.48:215][  0]LogConfig: Setting CVar [[r.SkyAtmosphere.MultiScatteringLUT.SampleCount:15.0]]
[2022.04.05-20.38.48:215][  0]LogConfig: Setting CVar [[r.SkyLight.RealTimeReflectionCapture:1]]
[2022.04.05-20.38.48:215][  0]LogConfig: Applying CVar settings from Section [FoliageQuality@3] File [C:/Users/Kevin/Documents/Unreal Projects/blueprintproj1/Saved/Config/Windows/Scalability.ini]
[2022.04.05-20.38.48:215][  0]LogConfig: Setting CVar [[foliage.DensityScale:1.0]]
[2022.04.05-20.38.48:215][  0]LogConfig: Setting CVar [[grass.DensityScale:1.0]]
[2022.04.05-20.38.48:215][  0]LogConfig: Applying CVar settings from Section [ShadingQuality@3] File [C:/Users/Kevin/Documents/Unreal Projects/blueprintproj1/Saved/Config/Windows/Scalability.ini]
[2022.04.05-20.38.48:215][  0]LogConfig: Setting CVar [[r.HairStrands.SkyLighting.IntegrationType:2]]
[2022.04.05-20.38.48:215][  0]LogConfig: Setting CVar [[r.HairStrands.SkyAO.SampleCount:4]]
[2022.04.05-20.38.48:215][  0]LogConfig: Setting CVar [[r.HairStrands.Visibility.MSAA.SamplePerPixel:4]]
[2022.04.05-20.38.48:215][  0]LogInit: Selected Device Profile: [Windows]
[2022.04.05-20.38.48:215][  0]LogInit: Applying CVar settings loaded from the selected device profile: [Windows]
[2022.04.05-20.38.48:215][  0]LogHAL: Display: Platform has ~ 16 GB [17056833536 / 17179869184 / 16], which maps to Larger [LargestMinGB=32, LargerMinGB=12, DefaultMinGB=8, SmallerMinGB=6, SmallestMinGB=0)
[2022.04.05-20.38.48:215][  0]LogInit: Going up to parent DeviceProfile []
[2022.04.05-20.38.48:215][  0]LogConfig: Applying CVar settings from Section [ViewDistanceQuality@3] File [C:/Users/Kevin/Documents/Unreal Projects/blueprintproj1/Saved/Config/Windows/Scalability.ini]
[2022.04.05-20.38.48:215][  0]LogConfig: Setting CVar [[r.SkeletalMeshLODBias:0]]
[2022.04.05-20.38.48:215][  0]LogConfig: Setting CVar [[r.ViewDistanceScale:1.0]]
[2022.04.05-20.38.48:215][  0]LogConfig: Applying CVar settings from Section [AntiAliasingQuality@3] File [C:/Users/Kevin/Documents/Unreal Projects/blueprintproj1/Saved/Config/Windows/Scalability.ini]
[2022.04.05-20.38.48:215][  0]LogConfig: Setting CVar [[r.PostProcessAAQuality:4]]
[2022.04.05-20.38.48:215][  0]LogConfig: Applying CVar settings from Section [ShadowQuality@3] File [C:/Users/Kevin/Documents/Unreal Projects/blueprintproj1/Saved/Config/Windows/Scalability.ini]
[2022.04.05-20.38.48:215][  0]LogConfig: Setting CVar [[r.LightFunctionQuality:1]]
[2022.04.05-20.38.48:215][  0]LogConfig: Setting CVar [[r.ShadowQuality:5]]
[2022.04.05-20.38.48:215][  0]LogConfig: Setting CVar [[r.Shadow.CSM.MaxCascades:10]]
[2022.04.05-20.38.48:215][  0]LogConfig: Setting CVar [[r.Shadow.MaxResolution:2048]]
[2022.04.05-20.38.48:215][  0]LogConfig: Setting CVar [[r.Shadow.MaxCSMResolution:2048]]
[2022.04.05-20.38.48:215][  0]LogConfig: Setting CVar [[r.Shadow.RadiusThreshold:0.01]]
[2022.04.05-20.38.48:215][  0]LogConfig: Setting CVar [[r.Shadow.DistanceScale:1.0]]
[2022.04.05-20.38.48:215][  0]LogConfig: Setting CVar [[r.Shadow.CSM.TransitionScale:1.0]]
[2022.04.05-20.38.48:215][  0]LogConfig: Setting CVar [[r.Shadow.PreShadowResolutionFactor:1.0]]
[2022.04.05-20.38.48:215][  0]LogConfig: Setting CVar [[r.DistanceFieldShadowing:1]]
[2022.04.05-20.38.48:216][  0]LogConfig: Setting CVar [[r.DistanceFieldAO:1]]
[2022.04.05-20.38.48:216][  0]LogConfig: Setting CVar [[r.AOQuality:2]]
[2022.04.05-20.38.48:216][  0]LogConfig: Setting CVar [[r.VolumetricFog:1]]
[2022.04.05-20.38.48:216][  0]LogConfig: Setting CVar [[r.VolumetricFog.GridPixelSize:8]]
[2022.04.05-20.38.48:216][  0]LogConfig: Setting CVar [[r.VolumetricFog.GridSizeZ:128]]
[2022.04.05-20.38.48:216][  0]LogConfig: Setting CVar [[r.VolumetricFog.HistoryMissSupersampleCount:4]]
[2022.04.05-20.38.48:216][  0]LogConfig: Setting CVar [[r.LightMaxDrawDistanceScale:1]]
[2022.04.05-20.38.48:216][  0]LogConfig: Setting CVar [[r.CapsuleShadows:1]]
[2022.04.05-20.38.48:216][  0]LogConfig: Applying CVar settings from Section [PostProcessQuality@3] File [C:/Users/Kevin/Documents/Unreal Projects/blueprintproj1/Saved/Config/Windows/Scalability.ini]
[2022.04.05-20.38.48:216][  0]LogConfig: Setting CVar [[r.MotionBlurQuality:4]]
[2022.04.05-20.38.48:216][  0]LogConfig: Setting CVar [[r.AmbientOcclusionMipLevelFactor:0.4]]
[2022.04.05-20.38.48:216][  0]LogConfig: Setting CVar [[r.AmbientOcclusionMaxQuality:100]]
[2022.04.05-20.38.48:216][  0]LogConfig: Setting CVar [[r.AmbientOcclusionLevels:-1]]
[2022.04.05-20.38.48:216][  0]LogConfig: Setting CVar [[r.AmbientOcclusionRadiusScale:1.0]]
[2022.04.05-20.38.48:216][  0]LogConfig: Setting CVar [[r.DepthOfFieldQuality:2]]
[2022.04.05-20.38.48:216][  0]LogConfig: Setting CVar [[r.RenderTargetPoolMin:400]]
[2022.04.05-20.38.48:216][  0]LogConfig: Setting CVar [[r.LensFlareQuality:2]]
[2022.04.05-20.38.48:216][  0]LogConfig: Setting CVar [[r.SceneColorFringeQuality:1]]
[2022.04.05-20.38.48:216][  0]LogConfig: Setting CVar [[r.EyeAdaptationQuality:2]]
[2022.04.05-20.38.48:216][  0]LogConfig: Setting CVar [[r.BloomQuality:5]]
[2022.04.05-20.38.48:216][  0]LogConfig: Setting CVar [[r.FastBlurThreshold:100]]
[2022.04.05-20.38.48:216][  0]LogConfig: Setting CVar [[r.Upscale.Quality:3]]
[2022.04.05-20.38.48:216][  0]LogConfig: Setting CVar [[r.Tonemapper.GrainQuantization:1]]
[2022.04.05-20.38.48:216][  0]LogConfig: Setting CVar [[r.LightShaftQuality:1]]
[2022.04.05-20.38.48:216][  0]LogConfig: Setting CVar [[r.Filter.SizeScale:1]]
[2022.04.05-20.38.48:216][  0]LogConfig: Setting CVar [[r.Tonemapper.Quality:5]]
[2022.04.05-20.38.48:216][  0]LogConfig: Setting CVar [[r.DOF.Gather.AccumulatorQuality:1        ; higher gathering accumulator quality]]
[2022.04.05-20.38.48:216][  0]LogConfig: Setting CVar [[r.DOF.Gather.PostfilterMethod:1          ; Median3x3 postfilering method]]
[2022.04.05-20.38.48:216][  0]LogConfig: Setting CVar [[r.DOF.Gather.EnableBokehSettings:0       ; no bokeh simulation when gathering]]
[2022.04.05-20.38.48:216][  0]LogConfig: Setting CVar [[r.DOF.Gather.RingCount:4                 ; medium number of samples when gathering]]
[2022.04.05-20.38.48:216][  0]LogConfig: Setting CVar [[r.DOF.Scatter.ForegroundCompositing:1    ; additive foreground scattering]]
[2022.04.05-20.38.48:216][  0]LogConfig: Setting CVar [[r.DOF.Scatter.BackgroundCompositing:2    ; additive background scattering]]
[2022.04.05-20.38.48:216][  0]LogConfig: Setting CVar [[r.DOF.Scatter.EnableBokehSettings:1      ; bokeh simulation when scattering]]
[2022.04.05-20.38.48:216][  0]LogConfig: Setting CVar [[r.DOF.Scatter.MaxSpriteRatio:0.1         ; only a maximum of 10% of scattered bokeh]]
[2022.04.05-20.38.48:216][  0]LogConfig: Setting CVar [[r.DOF.Recombine.Quality:1                ; cheap slight out of focus]]
[2022.04.05-20.38.48:216][  0]LogConfig: Setting CVar [[r.DOF.Recombine.EnableBokehSettings:0    ; no bokeh simulation on slight out of focus]]
[2022.04.05-20.38.48:216][  0]LogConfig: Setting CVar [[r.DOF.TemporalAAQuality:1                ; more stable temporal accumulation]]
[2022.04.05-20.38.48:216][  0]LogConfig: Setting CVar [[r.DOF.Kernel.MaxForegroundRadius:0.025]]
[2022.04.05-20.38.48:216][  0]LogConfig: Setting CVar [[r.DOF.Kernel.MaxBackgroundRadius:0.025]]
[2022.04.05-20.38.48:216][  0]LogConfig: Applying CVar settings from Section [TextureQuality@3] File [C:/Users/Kevin/Documents/Unreal Projects/blueprintproj1/Saved/Config/Windows/Scalability.ini]
[2022.04.05-20.38.48:216][  0]LogConfig: Setting CVar [[r.Streaming.MipBias:0]]
[2022.04.05-20.38.48:216][  0]LogConfig: Setting CVar [[r.Streaming.AmortizeCPUToGPUCopy:0]]
[2022.04.05-20.38.48:216][  0]LogConfig: Setting CVar [[r.Streaming.MaxNumTexturesToStreamPerFrame:0]]
[2022.04.05-20.38.48:216][  0]LogConfig: Setting CVar [[r.Streaming.Boost:1]]
[2022.04.05-20.38.48:216][  0]LogConfig: Setting CVar [[r.MaxAnisotropy:8]]
[2022.04.05-20.38.48:216][  0]LogConfig: Setting CVar [[r.VT.MaxAnisotropy:8]]
[2022.04.05-20.38.48:216][  0]LogConfig: Setting CVar [[r.Streaming.LimitPoolSizeToVRAM:0]]
[2022.04.05-20.38.48:216][  0]LogConfig: Setting CVar [[r.Streaming.PoolSize:1000]]
[2022.04.05-20.38.48:216][  0]LogConfig: Setting CVar [[r.Streaming.MaxEffectiveScreenSize:0]]
[2022.04.05-20.38.48:216][  0]LogConfig: Applying CVar settings from Section [EffectsQuality@3] File [C:/Users/Kevin/Documents/Unreal Projects/blueprintproj1/Saved/Config/Windows/Scalability.ini]
[2022.04.05-20.38.48:216][  0]LogConfig: Setting CVar [[r.TranslucencyLightingVolumeDim:64]]
[2022.04.05-20.38.48:216][  0]LogConfig: Setting CVar [[r.RefractionQuality:2]]
[2022.04.05-20.38.48:216][  0]LogConfig: Setting CVar [[r.SSR.Quality:3]]
[2022.04.05-20.38.48:216][  0]LogConfig: Setting CVar [[r.SSR.HalfResSceneColor:0]]
[2022.04.05-20.38.48:216][  0]LogConfig: Setting CVar [[r.SceneColorFormat:4]]
[2022.04.05-20.38.48:216][  0]LogConfig: Setting CVar [[r.DetailMode:2]]
[2022.04.05-20.38.48:216][  0]LogConfig: Setting CVar [[r.TranslucencyVolumeBlur:1]]
[2022.04.05-20.38.48:216][  0]LogConfig: Setting CVar [[r.MaterialQualityLevel:1 ; High quality]]
[2022.04.05-20.38.48:216][  0]LogConfig: Setting CVar [[r.AnisotropicMaterials:1]]
[2022.04.05-20.38.48:216][  0]LogConfig: Setting CVar [[r.SSS.Scale:1]]
[2022.04.05-20.38.48:216][  0]LogConfig: Setting CVar [[r.SSS.SampleSet:2]]
[2022.04.05-20.38.48:216][  0]LogConfig: Setting CVar [[r.SSS.Quality:1]]
[2022.04.05-20.38.48:216][  0]LogConfig: Setting CVar [[r.SSS.HalfRes:0]]
[2022.04.05-20.38.48:216][  0]LogConfig: Setting CVar [[r.SSGI.Quality:3]]
[2022.04.05-20.38.48:216][  0]LogConfig: Setting CVar [[r.EmitterSpawnRateScale:1.0]]
[2022.04.05-20.38.48:216][  0]LogConfig: Setting CVar [[r.ParticleLightQuality:2]]
[2022.04.05-20.38.48:216][  0]LogConfig: Setting CVar [[r.SkyAtmosphere.AerialPerspectiveLUT.FastApplyOnOpaque:1 ; Always have FastSkyLUT 1 in this case to avoid wrong sky]]
[2022.04.05-20.38.48:216][  0]LogConfig: Setting CVar [[r.SkyAtmosphere.AerialPerspectiveLUT.SampleCountMaxPerSlice:4]]
[2022.04.05-20.38.48:216][  0]LogConfig: Setting CVar [[r.SkyAtmosphere.AerialPerspectiveLUT.DepthResolution:16.0]]
[2022.04.05-20.38.48:216][  0]LogConfig: Setting CVar [[r.SkyAtmosphere.FastSkyLUT:1]]
[2022.04.05-20.38.48:216][  0]LogConfig: Setting CVar [[r.SkyAtmosphere.FastSkyLUT.SampleCountMin:4.0]]
[2022.04.05-20.38.48:216][  0]LogConfig: Setting CVar [[r.SkyAtmosphere.FastSkyLUT.SampleCountMax:128.0]]
[2022.04.05-20.38.48:216][  0]LogConfig: Setting CVar [[r.SkyAtmosphere.SampleCountMin:4.0]]
[2022.04.05-20.38.48:216][  0]LogConfig: Setting CVar [[r.SkyAtmosphere.SampleCountMax:128.0]]
[2022.04.05-20.38.48:216][  0]LogConfig: Setting CVar [[r.SkyAtmosphere.TransmittanceLUT.UseSmallFormat:0]]
[2022.04.05-20.38.48:216][  0]LogConfig: Setting CVar [[r.SkyAtmosphere.TransmittanceLUT.SampleCount:10.0]]
[2022.04.05-20.38.48:216][  0]LogConfig: Setting CVar [[r.SkyAtmosphere.MultiScatteringLUT.SampleCount:15.0]]
[2022.04.05-20.38.48:216][  0]LogConfig: Setting CVar [[r.SkyLight.RealTimeReflectionCapture:1]]
[2022.04.05-20.38.48:216][  0]LogConfig: Applying CVar settings from Section [FoliageQuality@3] File [C:/Users/Kevin/Documents/Unreal Projects/blueprintproj1/Saved/Config/Windows/Scalability.ini]
[2022.04.05-20.38.48:217][  0]LogConfig: Setting CVar [[foliage.DensityScale:1.0]]
[2022.04.05-20.38.48:217][  0]LogConfig: Setting CVar [[grass.DensityScale:1.0]]
[2022.04.05-20.38.48:217][  0]LogConfig: Applying CVar settings from Section [ShadingQuality@3] File [C:/Users/Kevin/Documents/Unreal Projects/blueprintproj1/Saved/Config/Windows/Scalability.ini]
[2022.04.05-20.38.48:217][  0]LogConfig: Setting CVar [[r.HairStrands.SkyLighting.IntegrationType:2]]
[2022.04.05-20.38.48:217][  0]LogConfig: Setting CVar [[r.HairStrands.SkyAO.SampleCount:4]]
[2022.04.05-20.38.48:217][  0]LogConfig: Setting CVar [[r.HairStrands.Visibility.MSAA.SamplePerPixel:4]]
[2022.04.05-20.38.48:217][  0]LogConfig: Applying CVar settings from Section [Startup] File [../../../Engine/Config/ConsoleVariables.ini]
[2022.04.05-20.38.48:217][  0]LogConfig: Setting CVar [[net.UseAdaptiveNetUpdateFrequency:0]]
[2022.04.05-20.38.48:217][  0]LogConfig: Setting CVar [[p.chaos.AllowCreatePhysxBodies:1]]
[2022.04.05-20.38.48:217][  0]LogConfig: Setting CVar [[fx.SkipVectorVMBackendOptimizations:1]]
[2022.04.05-20.38.48:217][  0]LogConfig: Applying CVar settings from Section [ConsoleVariables] File [C:/Users/Kevin/Documents/Unreal Projects/blueprintproj1/Saved/Config/Windows/Engine.ini]
[2022.04.05-20.38.48:217][  0]LogConfig: Applying CVar settings from Section [ConsoleVariables] File [C:/Users/Kevin/Documents/Unreal Projects/blueprintproj1/Saved/Config/Windows/Editor.ini]
[2022.04.05-20.38.48:217][  0]LogInit: Computer: BEESPC
[2022.04.05-20.38.48:217][  0]LogInit: User: Kevin
[2022.04.05-20.38.48:217][  0]LogInit: CPU Page size=4096, Cores=4
[2022.04.05-20.38.48:217][  0]LogInit: High frequency timer resolution =10.000000 MHz
[2022.04.05-20.38.48:217][  0]LogMemory: Memory total: Physical=15.9GB (16GB approx)
[2022.04.05-20.38.48:217][  0]LogMemory: Platform Memory Stats for Windows
[2022.04.05-20.38.48:217][  0]LogMemory: Process Physical Memory: 146.01 MB used, 146.01 MB peak
[2022.04.05-20.38.48:217][  0]LogMemory: Process Virtual Memory: 126.50 MB used, 126.50 MB peak
[2022.04.05-20.38.48:217][  0]LogMemory: Physical Memory: 5844.10 MB used,  10422.56 MB free, 16266.66 MB total
[2022.04.05-20.38.48:217][  0]LogMemory: Virtual Memory: 134208600.00 MB used,  9127.94 MB free, 134217728.00 MB total
[2022.04.05-20.38.48:223][  0]LogWindows: WindowsPlatformFeatures enabled
[2022.04.05-20.38.48:282][  0]LogInit: Physics initialised using underlying interface: PhysX
[2022.04.05-20.38.48:283][  0]LogInit: Using OS detected language (en-US).
[2022.04.05-20.38.48:283][  0]LogInit: Using OS detected locale (en-US).
[2022.04.05-20.38.48:285][  0]LogTextLocalizationManager: No specific localization for 'en-US' exists, so the 'en' localization will be used.
[2022.04.05-20.38.48:564][  0]LogInit: Setting process to per monitor DPI aware
[2022.04.05-20.38.48:582][  0]LogWindowsTextInputMethodSystem: Display: IME system deactivated.
[2022.04.05-20.38.48:607][  0]LogSlate: New Slate User Created.  User Index 0, Is Virtual User: 0
[2022.04.05-20.38.48:607][  0]LogSlate: Slate User Registered.  User Index 0, Is Virtual User: 0
[2022.04.05-20.38.48:752][  0]LogD3D11RHI: Loaded GFSDK_Aftermath_Lib.x64.dll
[2022.04.05-20.38.48:758][  0]LogHMD: Failed to initialize OpenVR with code 110
[2022.04.05-20.38.48:758][  0]LogD3D11RHI: D3D11 min allowed feature level: 11_0
[2022.04.05-20.38.48:758][  0]LogD3D11RHI: D3D11 max allowed feature level: 11_0
[2022.04.05-20.38.48:758][  0]LogD3D11RHI: D3D11 adapters:
[2022.04.05-20.38.48:894][  0]LogD3D11RHI:    0. 'NVIDIA GeForce GTX 1050 Ti' (Feature Level 11_0)
[2022.04.05-20.38.48:894][  0]LogD3D11RHI:       4018/0/8133 MB DedicatedVideo/DedicatedSystem/SharedSystem, Outputs:1, VendorId:0x10de
[2022.04.05-20.38.48:919][  0]LogD3D11RHI:    1. 'Intel(R) HD Graphics 630' (Feature Level 11_0)
[2022.04.05-20.38.48:919][  0]LogD3D11RHI:       128/0/8133 MB DedicatedVideo/DedicatedSystem/SharedSystem, Outputs:0, VendorId:0x8086
[2022.04.05-20.38.48:923][  0]LogD3D11RHI:    2. 'Microsoft Basic Render Driver' (Feature Level 11_0)
[2022.04.05-20.38.48:923][  0]LogD3D11RHI:       0/0/8133 MB DedicatedVideo/DedicatedSystem/SharedSystem, Outputs:0, VendorId:0x1414
[2022.04.05-20.38.48:923][  0]LogD3D11RHI: Chosen D3D11 Adapter:
[2022.04.05-20.38.48:923][  0]LogD3D11RHI:     Description : NVIDIA GeForce GTX 1050 Ti
[2022.04.05-20.38.48:923][  0]LogD3D11RHI:     VendorId    : 10de
[2022.04.05-20.38.48:923][  0]LogD3D11RHI:     DeviceId    : 1c8c
[2022.04.05-20.38.48:923][  0]LogD3D11RHI:     SubSysId    : 838f103c
[2022.04.05-20.38.48:923][  0]LogD3D11RHI:     Revision    : 00a1
[2022.04.05-20.38.48:923][  0]LogD3D11RHI:     DedicatedVideoMemory : 4213178368 bytes
[2022.04.05-20.38.48:923][  0]LogD3D11RHI:     DedicatedSystemMemory : 0 bytes
[2022.04.05-20.38.48:923][  0]LogD3D11RHI:     SharedSystemMemory : 8528416768 bytes
[2022.04.05-20.38.48:923][  0]LogD3D11RHI:     AdapterLuid : 0 106386
[2022.04.05-20.38.48:930][  0]LogD3D11RHI: Creating new Direct3DDevice
[2022.04.05-20.38.48:930][  0]LogD3D11RHI:     GPU DeviceId: 0x1c8c (for the marketing name, search the web for "GPU Device Id")
[2022.04.05-20.38.48:930][  0]LogWindows: EnumDisplayDevices:
[2022.04.05-20.38.48:931][  0]LogWindows:    0. 'Intel(R) HD Graphics 630' (P:0 D:0)
[2022.04.05-20.38.48:931][  0]LogWindows:    1. 'Intel(R) HD Graphics 630' (P:0 D:0)
[2022.04.05-20.38.48:931][  0]LogWindows:    2. 'Intel(R) HD Graphics 630' (P:0 D:0)
[2022.04.05-20.38.48:932][  0]LogWindows:    3. 'NVIDIA GeForce GTX 1050 Ti' (P:1 D:1)
[2022.04.05-20.38.48:932][  0]LogWindows:    4. 'NVIDIA GeForce GTX 1050 Ti' (P:0 D:0)
[2022.04.05-20.38.48:932][  0]LogWindows:    5. 'NVIDIA GeForce GTX 1050 Ti' (P:0 D:0)
[2022.04.05-20.38.48:933][  0]LogWindows:    6. 'NVIDIA GeForce GTX 1050 Ti' (P:0 D:0)
[2022.04.05-20.38.48:933][  0]LogWindows: DebugString: PrimaryIsNotTheChoosenAdapter PrimaryIsNotTheChoosenAdapter PrimaryIsNotTheChoosenAdapter FoundDriverCount:4 
[2022.04.05-20.38.48:933][  0]LogD3D11RHI:     Adapter Name: NVIDIA GeForce GTX 1050 Ti
[2022.04.05-20.38.48:933][  0]LogD3D11RHI:   Driver Version: 497.33 (internal:30.0.14.9733, unified:497.33)
[2022.04.05-20.38.48:933][  0]LogD3D11RHI:      Driver Date: 12-16-2021
[2022.04.05-20.38.48:933][  0]LogRHI: Texture pool is 2812 MB (70% of 4018 MB)
[2022.04.05-20.38.48:933][  0]LogD3D11RHI: Creating D3DDevice using adapter:
[2022.04.05-20.38.48:933][  0]LogD3D11RHI:     Description : NVIDIA GeForce GTX 1050 Ti
[2022.04.05-20.38.48:933][  0]LogD3D11RHI:     VendorId    : 10de
[2022.04.05-20.38.48:933][  0]LogD3D11RHI:     DeviceId    : 1c8c
[2022.04.05-20.38.48:933][  0]LogD3D11RHI:     SubSysId    : 838f103c
[2022.04.05-20.38.48:933][  0]LogD3D11RHI:     Revision    : 00a1
[2022.04.05-20.38.48:933][  0]LogD3D11RHI:     DedicatedVideoMemory : 4213178368 bytes
[2022.04.05-20.38.48:933][  0]LogD3D11RHI:     DedicatedSystemMemory : 0 bytes
[2022.04.05-20.38.48:933][  0]LogD3D11RHI:     SharedSystemMemory : 8528416768 bytes
[2022.04.05-20.38.48:933][  0]LogD3D11RHI:     AdapterLuid : 0 106386
[2022.04.05-20.38.49:008][  0]LogD3D11RHI: RHI has support for 64 bit atomics
[2022.04.05-20.38.49:008][  0]LogD3D11RHI: Async texture creation enabled
[2022.04.05-20.38.49:008][  0]LogD3D11RHI: Array index from any shader is supported
[2022.04.05-20.38.49:028][  0]LogD3D11RHI: GPU Timing Frequency: 1000.000000 (Debug: 2 1)
[2022.04.05-20.38.49:083][  0]LogRHI: GeForceNow SDK initialized: 1
[2022.04.05-20.38.49:478][  0]LogTargetPlatformManager: Display: Loaded TargetPlatform 'AllDesktop'
[2022.04.05-20.38.49:503][  0]LogTargetPlatformManager: Display: Loaded TargetPlatform 'Android'
[2022.04.05-20.38.49:503][  0]LogTargetPlatformManager: Display: Loaded TargetPlatform 'Android_ASTC'
[2022.04.05-20.38.49:503][  0]LogTargetPlatformManager: Display: Loaded TargetPlatform 'Android_DXT'
[2022.04.05-20.38.49:503][  0]LogTargetPlatformManager: Display: Loaded TargetPlatform 'Android_ETC2'
[2022.04.05-20.38.49:503][  0]LogTargetPlatformManager: Display: Loaded TargetPlatform 'AndroidClient'
[2022.04.05-20.38.49:503][  0]LogTargetPlatformManager: Display: Loaded TargetPlatform 'Android_ASTCClient'
[2022.04.05-20.38.49:503][  0]LogTargetPlatformManager: Display: Loaded TargetPlatform 'Android_DXTClient'
[2022.04.05-20.38.49:503][  0]LogTargetPlatformManager: Display: Loaded TargetPlatform 'Android_ETC2Client'
[2022.04.05-20.38.49:503][  0]LogTargetPlatformManager: Display: Loaded TargetPlatform 'Android_Multi'
[2022.04.05-20.38.49:503][  0]LogTargetPlatformManager: Display: Loaded TargetPlatform 'Android_MultiClient'
[2022.04.05-20.38.49:530][  0]LogTargetPlatformManager: Display: Loaded TargetPlatform 'IOSClient'
[2022.04.05-20.38.49:530][  0]LogTargetPlatformManager: Display: Loaded TargetPlatform 'IOS'
[2022.04.05-20.38.49:542][  0]LogTargetPlatformManager: Display: Loaded TargetPlatform 'Linux'
[2022.04.05-20.38.49:547][  0]LogTargetPlatformManager: Display: Loaded TargetPlatform 'LinuxNoEditor'
[2022.04.05-20.38.49:552][  0]LogTargetPlatformManager: Display: Loaded TargetPlatform 'LinuxClient'
[2022.04.05-20.38.49:557][  0]LogTargetPlatformManager: Display: Loaded TargetPlatform 'LinuxServer'
[2022.04.05-20.38.49:568][  0]LogTargetPlatformManager: Display: Loaded TargetPlatform 'LinuxAArch64NoEditor'
[2022.04.05-20.38.49:572][  0]LogTargetPlatformManager: Display: Loaded TargetPlatform 'LinuxAArch64Client'
[2022.04.05-20.38.49:577][  0]LogTargetPlatformManager: Display: Loaded TargetPlatform 'LinuxAArch64Server'
[2022.04.05-20.38.49:603][  0]LogTargetPlatformManager: Display: Loaded TargetPlatform 'Lumin'
[2022.04.05-20.38.49:603][  0]LogTargetPlatformManager: Display: Loaded TargetPlatform 'LuminClient'
[2022.04.05-20.38.49:612][  0]LogTargetPlatformManager: Display: Loaded TargetPlatform 'MacNoEditor'
[2022.04.05-20.38.49:618][  0]LogTargetPlatformManager: Display: Loaded TargetPlatform 'Mac'
[2022.04.05-20.38.49:622][  0]LogTargetPlatformManager: Display: Loaded TargetPlatform 'MacClient'
[2022.04.05-20.38.49:627][  0]LogTargetPlatformManager: Display: Loaded TargetPlatform 'MacServer'
[2022.04.05-20.38.49:637][  0]LogTargetPlatformManager: Display: Loaded TargetPlatform 'TVOSClient'
[2022.04.05-20.38.49:637][  0]LogTargetPlatformManager: Display: Loaded TargetPlatform 'TVOS'
[2022.04.05-20.38.49:646][  0]LogTargetPlatformManager: Display: Loaded TargetPlatform 'WindowsNoEditor'
[2022.04.05-20.38.49:651][  0]LogTargetPlatformManager: Display: Loaded TargetPlatform 'Windows'
[2022.04.05-20.38.49:655][  0]LogTargetPlatformManager: Display: Loaded TargetPlatform 'WindowsClient'
[2022.04.05-20.38.49:659][  0]LogTargetPlatformManager: Display: Loaded TargetPlatform 'WindowsServer'
[2022.04.05-20.38.49:659][  0]LogTargetPlatformManager: Display: Building Assets For Windows
[2022.04.05-20.38.49:667][  0]LogAudioDebug: Display: Lib vorbis DLL was dynamically loaded.
[2022.04.05-20.38.49:699][  0]LogTextureFormatOodle: Display: Oodle Texture 2.9.0 init RDO Off
[2022.04.05-20.38.49:732][  0]LogRendererCore: Ray tracing is disabled. Reason: r.RayTracing=0.
[2022.04.05-20.38.49:732][  0]LogShaderCompilers: Guid format shader working directory is -10 characters bigger than the processId version (C:/Users/Kevin/Documents/Unreal Projects/blueprintproj1/Intermediate/Shaders/WorkingDirectory/20428/).
[2022.04.05-20.38.49:732][  0]LogShaderCompilers: Cleaned the shader compiler working directory 'C:/Users/Kevin/AppData/Local/Temp/UnrealShaderWorkingDir/E36778A240470D013715B29DAB160508/'.
[2022.04.05-20.38.49:733][  0]LogXGEController: Cannot use XGE Controller as Incredibuild is not installed on this machine.
[2022.04.05-20.38.49:733][  0]LogShaderCompilers: Cannot use XGE Shader Compiler as Incredibuild is not installed on this machine.
[2022.04.05-20.38.49:733][  0]LogShaderCompilers: Display: Using Local Shader Compiler.
[2022.04.05-20.38.50:549][  0]LogDerivedDataCache: Display: Max Cache Size: 512 MB
[2022.04.05-20.38.50:612][  0]LogDerivedDataCache: Loaded boot cache 0.06s 94MB C:/Users/Kevin/AppData/Local/UnrealEngine/4.27/DerivedDataCache/Boot.ddc.
[2022.04.05-20.38.50:612][  0]LogDerivedDataCache: Display: Loaded Boot cache: C:/Users/Kevin/AppData/Local/UnrealEngine/4.27/DerivedDataCache/Boot.ddc
[2022.04.05-20.38.50:612][  0]LogDerivedDataCache: FDerivedDataBackendGraph:  Pak pak cache file C:/Users/Kevin/Documents/Unreal Projects/blueprintproj1/DerivedDataCache/DDC.ddp not found, will not use a pak cache.
[2022.04.05-20.38.50:612][  0]LogDerivedDataCache: Unable to find inner node Pak for hierarchical cache Hierarchy.
[2022.04.05-20.38.50:612][  0]LogDerivedDataCache: FDerivedDataBackendGraph:  CompressedPak pak cache file C:/Users/Kevin/Documents/Unreal Projects/blueprintproj1/DerivedDataCache/Compressed.ddp not found, will not use a pak cache.
[2022.04.05-20.38.50:612][  0]LogDerivedDataCache: Unable to find inner node CompressedPak for hierarchical cache Hierarchy.
[2022.04.05-20.38.50:630][  0]LogDerivedDataCache: Display: Pak cache opened for reading ../../../Engine/DerivedDataCache/Compressed.ddp.
[2022.04.05-20.38.50:630][  0]LogDerivedDataCache: FDerivedDataBackendGraph:  EnterprisePak pak cache file ../../../Enterprise/DerivedDataCache/Compressed.ddp not found, will not use a pak cache.
[2022.04.05-20.38.50:630][  0]LogDerivedDataCache: Unable to find inner node EnterprisePak for hierarchical cache Hierarchy.
[2022.04.05-20.38.50:638][  0]LogDerivedDataCache: Speed tests for C:/Users/Kevin/AppData/Local/UnrealEngine/Common/DerivedDataCache took 0.01 seconds
[2022.04.05-20.38.50:638][  0]LogDerivedDataCache: Display: Performance to C:/Users/Kevin/AppData/Local/UnrealEngine/Common/DerivedDataCache: Latency=0.04ms. RandomReadSpeed=1001.28MBs, RandomWriteSpeed=143.09MBs. Assigned SpeedClass 'Local'
[2022.04.05-20.38.50:639][  0]LogDerivedDataCache: Using Local data cache path C:/Users/Kevin/AppData/Local/UnrealEngine/Common/DerivedDataCache: Writable
[2022.04.05-20.38.50:639][  0]LogDerivedDataCache: Shared data cache path not found in *engine.ini, will not use an Shared cache.
[2022.04.05-20.38.50:639][  0]LogDerivedDataCache: Unable to find inner node Shared for hierarchical cache Hierarchy.
[2022.04.05-20.38.50:691][  0]LogSlate: Using FreeType 2.10.0
[2022.04.05-20.38.50:691][  0]LogSlate: SlateFontServices - WITH_FREETYPE: 1, WITH_HARFBUZZ: 1
[2022.04.05-20.38.50:723][  0]LogAssetRegistry: FAssetRegistry took 0.0027 seconds to start up
[2022.04.05-20.38.50:980][  0]LogInit: Selected Device Profile: [Windows]
[2022.04.05-20.38.50:980][  0]LogInit: Active device profile: [000001E4A0B4C900][000001E49F07D580 49] Windows
[2022.04.05-20.38.50:980][  0]LogInit: Profiles: [000001E4A0B4C900][000001E49F07D580 49] Windows, [000001E4A0B1B800][000001E491795700 49] WindowsNoEditor, [000001E4A0B4F500][000001E49DE01880 49] WindowsServer, [000001E4A0B18E00][000001E49F719A00 49] WindowsClient, [000001E4A0B4F800][000001E49F71DB80 49] IOS, [000001E4A0B1A800][000001E49DEAA180 49] iPadAir, [000001E4A0B4E000][000001E49DEAE300 49] iPadAir2, [000001E4A0AB4A00][000001E491F345C0 49] IPadPro, [000001E4A0AB4B00][000001E491F30600 49] iPadAir3, [000001E4A0B19900][000001E49DDFC740 49] iPadAir4, [000001E4A0AB7400][000001E491F38880 49] iPadMini2, [000001E4A0B1AA00][000001E491F3C9C0 49] iPadMini3, [000001E4A0AB5700][000001E491F40B00 49] iPadMini4, [000001E4A0B4D100][000001E491F48C80 49] iPadMini5, [000001E4A0AE0300][000001E491F50F40 49] iPhone6, [000001E4A0AE0400][000001E491F4CF80 49] iPodTouch6, [000001E4A0AA7F00][000001E491F59240 49] iPhone7, [000001E4A0AA7E00][000001E491F55280 49] iPodTouch7, [000001E4A0B1A000][000001E491F5D400 49] iPhone5S, [000001E4A0AA5A00][000001E49175F580 49] iPhone6Plus, [000001E4A0AE0200][000001E491763700 49] iPhone6S, [000001E4A0AA4600][000001E491767880 49] iPhone6SPlus, [000001E4A0AE2900][000001E49176BA00 49] iPhone7Plus, [000001E4A0AA7100][000001E49176FB80 49] iPhoneSE, [000001E4A0AE2200][000001E491772180 49] iPhone8, [000001E4A0AA7B00][000001E491776300 49] iPhone8Plus, [000001E4A0AE0A00][000001E49177A480 49] iPhoneX, [000001E4A0AA5400][000001E49177E600 49] iPhoneXS, [000001E4A0AE3900][000001E491782780 49] iPhoneXSMax, [000001E4A0AA4900][000001E491786900 49] iPhoneXR, [000001E4A0AE2F00][000001E491F44A40 49] iPhone11, [000001E4A0AA5300][000001E49178AB80 49] iPhone11Pro, [000001E4A0AE1000][000001E49178ECC0 49] iPhone11ProMax, [000001E4A0AA6A00][000001E49DD4EE40 49] iPhoneSE2, [000001E4A0AE1400][000001E49DD52FC0 49] iPhone12Mini, [000001E4A0AA6400][000001E49DD57140 49] iPhone12, [000001E4A0AE0D00][000001E49DD5B2C0 49] iPhone12Pro, [000001E4A0AA6B00][000001E49DD5F440 49] iPhone12ProMax, [000001E4A0AE3000][000001E49DD635C0 49] iPadPro105, [000001E4A0AA4700][000001E49DD67740 49] iPadPro129, [000001E4A0AE2800][000001E49DD6B8C0 49] iPadPro97, [000001E4A0AA6600][000001E49DD6FA40 49] iPadPro2_129, [000001E4A0AE3C00][000001E49DD73BC0 49] iPad5, [000001E4A0AA6200][000001E49DD761C0 49] iPad6, [000001E4A0AE0F00][000001E49DD7A340 49] iPad7, [000001E4A0AA6D00][000001E49DD7E4C0 49] iPad8, [000001E4A0AE1100][000001E49DD82640 49] iPadPro11, [000001E4A0AA5600][000001E49244E7C0 49] iPadPro2_11, [000001E4A0AE3400][000001E492452940 49] iPadPro3_129, [000001E4A0AA6800][000001E492456AC0 49] iPadPro4_129, [000001E4A0AE3A00][000001E49DD4AC00 49] AppleTV, [000001E4A0AA6100][000001E49245AD40 49] AppleTV4K, [000001E4A0AE1F00][000001E49245EE80 49] TVOS, [000001E4A0AA7400][000001E492462FC0 49] Mac, [000001E4A0AE3800][000001E49246B140 49] MacClient, [000001E4A0AA5E00][000001E49EF992C0 49] MacNoEditor, [000001E4A0AE3F00][000001E49EF9D440 49] MacServer, [000001E4A0AA7500][000001E49EFA15C0 49] Linux, [000001E4A0AE0C00][000001E49EFA5740 49] LinuxAArch64, [000001E4A0AA6F00][000001E49EFA98C0 49] LinuxNoEditor, [000001E4A0AE0B00][000001E49EFADA40 49] LinuxAArch64NoEditor, [000001E4A0AA7700][000001E49EFB1BC0 49] LinuxClient, [000001E4A0AE1A00][000001E49EFB41C0 49] LinuxAArch64Client, [000001E4A0AA5000][000001E49EFB8340 49] LinuxServer, [000001E4A0AE2500][000001E49EFBC4C0 49] LinuxAArch64Server, [000001E4A0AA5900][000001E49EFC0640 49] Android, [000001E4A0AE1300][000001E49EFC47C0 49] Android_Low, [000001E4A0AA6700][000001E49EFC8940 49] Android_Mid, [000001E4A0AE2B00][000001E49EFCCAC0 49] Android_High, [000001E4A0AA7800][000001E49EFD0C40 49] Android_Default, [000001E4A0AE1600][000001E492466D80 49] Android_Adreno4xx, [000001E4A0AA5500][000001E49EFD4EC0 49] Android_Adreno5xx_Low, [000001E4A0AB7600][000001E49EFD9000 49] Android_Adreno5xx, [000001E4A0B19800][000001E4916EB140 49] Android_Adreno6xx, [000001E4A0AB5200][000001E4916F32C0 49] Android_Adreno6xx_Vulkan, [000001E4A0B1BC00][000001E4916F7440 49] Android_Mali_T6xx, [000001E4A0AB5100][000001E4916FB5C0 49] Android_Mali_T7xx, [000001E4A0B19600][000001E4916FF740 49] Android_Mali_T8xx, [000001E4A0AB5E00][000001E4917038C0 49] Android_Mali_G71, [000001E4A0B18500][000001E491707A40 49] Android_Mali_G72, [000001E4A0AB4800][000001E49170BBC0 49] Android_Mali_G72_Vulkan, [000001E4A0B19300][000001E49170E1C0 49] Android_Mali_G76, [000001E4A0AB4100][000001E491712340 49] Android_Mali_G76_Vulkan, [000001E4A0B19F00][000001E4917164C0 49] Android_Mali_G77, [000001E4A0AB5000][000001E49171A640 49] Android_Mali_G77_Vulkan, [000001E4A0B18A00][000001E49171E7C0 49] Android_Mali_G78, [000001E4A0AB6C00][000001E491722940 49] Android_Mali_G78_Vulkan, [000001E4A0B1B600][000001E491726AC0 49] Android_Mali_G710, [000001E4A0AB6A00][000001E49172AC40 49] Android_Mali_G710_Vulkan, [000001E4A0B1BF00][000001E49172EDC0 49] Android_Vulkan_SM5, [000001E4A0AB7B00][000001E491732F40 49] Android_PowerVR_G6xxx, [000001E4A0B1BB00][000001E4916EF080 49] Android_PowerVR_GT7xxx, [000001E4A0AB7900][000001E4917371C0 49] Android_PowerVR_GE8xxx, [000001E4A0B18C00][000001E49173B300 49] Android_PowerVR_GM9xxx, [000001E4A0AB6700][000001E491743480 49] Android_PowerVR_GM9xxx_Vulkan, [000001E4A0B1A700][000001E491747600 49] Android_TegraK1, [000001E4A0AB4900][000001E49174B780 49] Android_Unknown_Vulkan, [000001E4A0B19D00][000001E49174F900 49] Lumin, [000001E4A0AB4500][000001E491753A80 49] Lumin_Desktop, [000001E4A0B1B300][000001E491757C00 49] HoloLens, 
[2022.04.05-20.38.51:113][  0]LogMeshReduction: Using QuadricMeshReduction for automatic static mesh reduction
[2022.04.05-20.38.51:113][  0]LogMeshReduction: Using SimplygonMeshReduction for automatic skeletal mesh reduction
[2022.04.05-20.38.51:113][  0]LogMeshReduction: Using ProxyLODMeshReduction for automatic mesh merging
[2022.04.05-20.38.51:113][  0]LogMeshReduction: No distributed automatic mesh merging module available
[2022.04.05-20.38.51:113][  0]LogMeshMerging: No distributed automatic mesh merging module available
[2022.04.05-20.38.51:147][  0]LogNetVersion: MyFirstProject 1.0.0, NetCL: 17155196, EngineNetVer: 17, GameNetVer: 0 (Checksum: 1923614652)
[2022.04.05-20.38.51:593][  0]LogTexture: Default maximum texture size for cubemaps generated from long-lat sources has been changed from 512 to unlimited. In order to preserve old behaiour for '/Engine/MapTemplates/Sky/DaylightAmbientCubemap.DaylightAmbientCubemap', its maximum texture size has been explicitly set to 512.
[2022.04.05-20.38.51:656][  0]LogHMD: PokeAHoleMaterial loaded successfully
[2022.04.05-20.38.51:664][  0]LogUObjectArray: 17178 objects as part of root set at end of initial load.
[2022.04.05-20.38.51:664][  0]LogUObjectAllocator: 4302048 out of 0 bytes used by permanent object pool.
[2022.04.05-20.38.51:664][  0]LogUObjectArray: CloseDisregardForGC: 0/0 objects in disregard for GC pool
[2022.04.05-20.38.51:916][  0]LogNiagaraDebuggerClient: Niagara Debugger Client Initialized | Session: DC9AABDB45811B04D7FA888B18FA8F38 | Instance: D34A744342B5E3ECECC1B18CA177C4C0 (BEESPC-20428).
[2022.04.05-20.38.51:951][  0]LogPython: Using Python 3.7.7
[2022.04.05-20.38.52:656][  0]LogTcpMessaging: Initializing TcpMessaging bridge
[2022.04.05-20.38.52:661][  0]LogUdpMessaging: Initializing bridge on interface 0.0.0.0:0 to multicast group 230.0.0.1:6666.
[2022.04.05-20.38.52:817][  0]SourceControl: Source control is disabled
[2022.04.05-20.38.52:817][  0]SourceControl: Source control is disabled
[2022.04.05-20.38.52:821][  0]SourceControl: Source control is disabled
[2022.04.05-20.38.52:825][  0]SourceControl: Source control is disabled
[2022.04.05-20.38.52:832][  0]SourceControl: Source control is disabled
[2022.04.05-20.38.52:846][  0]LogUProjectInfo: Found projects:
[2022.04.05-20.38.53:024][  0]LogOpenImageDenoise: OIDN starting up
[2022.04.05-20.38.53:150][  0]LogAndroidPermission: UAndroidPermissionCallbackProxy::GetInstance
[2022.04.05-20.38.53:182][  0]LogAudioCaptureCore: Display: No Audio Capture implementations found. Audio input will be silent.
[2022.04.05-20.38.53:182][  0]LogAudioCaptureCore: Display: No Audio Capture implementations found. Audio input will be silent.
[2022.04.05-20.38.53:326][  0]LogCollectionManager: Loaded 0 collections in 0.000807 seconds
[2022.04.05-20.38.53:355][  0]LogFileCache: Scanning file cache for directory 'C:/Users/Kevin/Documents/Unreal Projects/blueprintproj1/Saved/Collections/' took 0.00s
[2022.04.05-20.38.53:356][  0]LogFileCache: Scanning file cache for directory 'C:/Users/Kevin/Documents/Unreal Projects/blueprintproj1/Content/Developers/Kevin/Collections/' took 0.00s
[2022.04.05-20.38.53:356][  0]LogFileCache: Scanning file cache for directory 'C:/Users/Kevin/Documents/Unreal Projects/blueprintproj1/Content/Collections/' took 0.00s
[2022.04.05-20.38.53:356][  0]LogOcInput: OculusInput pre-init called
[2022.04.05-20.38.53:650][  0]LogEngine: Initializing Engine...
[2022.04.05-20.38.53:721][  0]LogHMD: Failed to enumerate extensions. Please check that you have a valid OpenXR runtime installed.
[2022.04.05-20.38.53:721][  0]LogHMD: Failed to initialize OpenVR with code 110
[2022.04.05-20.38.53:732][  0]LogMagicLeap: Warning: VR disabled because ZI is not enabled.  To enable, in the editor, Edit -> Project Settings -> Plugins -> Magic Leap Plugin -> Enable Zero Iteration
[2022.04.05-20.38.53:733][  0]LogStats: UGameplayTagsManager::InitializeManager -  0.000 s
[2022.04.05-20.38.53:894][  0]LogInit: Initializing FReadOnlyCVARCache
[2022.04.05-20.38.53:904][  0]LogAIModule: Creating AISystem for world Untitled
[2022.04.05-20.38.53:917][  0]LogAudio: Display: Initializing Audio Device Manager...
[2022.04.05-20.38.53:921][  0]LogAudio: Display: Loading Default Audio Settings Objects...
[2022.04.05-20.38.53:922][  0]LogAudio: Display: No default SoundConcurrencyObject specified (or failed to load).
[2022.04.05-20.38.53:922][  0]LogAudio: Display: Audio Device Manager Initialized
[2022.04.05-20.38.53:922][  0]LogAudio: Display: Creating Audio Device:                 Id: 1, Scope: Shared, Realtime: True
[2022.04.05-20.38.53:922][  0]LogAudioMixer: Display: Audio Mixer Platform Settings:
[2022.04.05-20.38.53:922][  0]LogAudioMixer: Display: 	Sample Rate:						  48000
[2022.04.05-20.38.53:922][  0]LogAudioMixer: Display: 	Callback Buffer Frame Size Requested: 1024
[2022.04.05-20.38.53:922][  0]LogAudioMixer: Display: 	Callback Buffer Frame Size To Use:	  1024
[2022.04.05-20.38.53:922][  0]LogAudioMixer: Display: 	Number of buffers to queue:			  2
[2022.04.05-20.38.53:922][  0]LogAudioMixer: Display: 	Max Channels (voices):				  32
[2022.04.05-20.38.53:922][  0]LogAudioMixer: Display: 	Number of Async Source Workers:		  0
[2022.04.05-20.38.53:922][  0]LogAudio: Display: AudioDevice MaxSources: 32
[2022.04.05-20.38.53:923][  0]LogAudio: Display: Audio Spatialization Plugin: None (built-in).
[2022.04.05-20.38.53:923][  0]LogAudio: Display: Audio Reverb Plugin: None (built-in).
[2022.04.05-20.38.53:923][  0]LogAudio: Display: Audio Occlusion Plugin: None (built-in).
[2022.04.05-20.38.53:923][  0]LogAudioMixer: Display: Initializing audio mixer.
[2022.04.05-20.38.53:940][  0]LogAudioMixer: Display: 0: FrontLeft
[2022.04.05-20.38.53:940][  0]LogAudioMixer: Display: 1: FrontRight
[2022.04.05-20.38.54:007][  0]LogAudioMixer: Display: Using Audio Device Speaker/Headphone (Realtek High Definition Audio)
[2022.04.05-20.38.54:010][  0]LogAudioMixer: Display: Initializing Sound Submixes...
[2022.04.05-20.38.54:012][  0]LogAudioMixer: Display: Creating Master Submix 'MasterSubmixDefault'
[2022.04.05-20.38.54:012][  0]LogAudioMixer: Display: Creating Master Submix 'MasterReverbSubmixDefault'
[2022.04.05-20.38.54:014][  0]LogAudioMixer: Display: Creating Master Submix 'MasterEQSubmixDefault'
[2022.04.05-20.38.54:014][  0]LogAudioMixer: FMixerPlatformXAudio2::StartAudioStream() called
[2022.04.05-20.38.54:014][  0]LogAudioMixer: Display: Output buffers initialized: Frames=1024, Channels=2, Samples=2048
[2022.04.05-20.38.54:016][  0]LogAudioMixer: Display: Starting AudioMixerPlatformInterface::RunInternal()
[2022.04.05-20.38.54:016][  0]LogAudioMixer: Display: FMixerPlatformXAudio2::SubmitBuffer() called for the first time
[2022.04.05-20.38.54:016][  0]LogInit: FAudioDevice initialized.
[2022.04.05-20.38.54:016][  0]LogAudio: Display: Audio Device (ID: 1) registered with world 'Untitled'.
[2022.04.05-20.38.54:016][  0]LogNetVersion: Set ProjectVersion to 1.0.0.0. Version Checksum will be recalculated on next use.
[2022.04.05-20.38.54:115][  0]LogDerivedDataCache: Saved boot cache 0.10s 94MB C:/Users/Kevin/AppData/Local/UnrealEngine/4.27/DerivedDataCache/Boot.ddc.
[2022.04.05-20.38.54:116][  0]LogInit: Texture streaming: Enabled
[2022.04.05-20.38.54:131][  0]LogAnalytics: Display: [UEEditor.Rocket.Release] APIServer = https://datarouter.ol.epicgames.com/. AppVersion = 4.27.2-18319896+++UE4+Release-4.27
[2022.04.05-20.38.54:137][  0]LogEngineSessionManager: EngineSessionManager initialized
[2022.04.05-20.38.54:137][  0]LogEditorSessionSummary: Verbose: Initializing EditorSessionSummaryWriter for editor session tracking
[2022.04.05-20.38.54:146][  0]LogEditorSessionSummary: EditorSessionSummaryWriter initialized
[2022.04.05-20.38.54:174][  0]LogInit: Transaction tracking system initialized
[2022.04.05-20.38.54:199][  0]BlueprintLog: New page: Editor Load
[2022.04.05-20.38.54:275][  0]LocalizationService: Localization service is disabled
[2022.04.05-20.38.54:307][  0]TimingProfiler: Initialize
[2022.04.05-20.38.54:307][  0]TimingProfiler: OnSessionChanged
[2022.04.05-20.38.54:307][  0]LoadingProfiler: Initialize
[2022.04.05-20.38.54:307][  0]LoadingProfiler: OnSessionChanged
[2022.04.05-20.38.54:307][  0]NetworkingProfiler: Initialize
[2022.04.05-20.38.54:307][  0]NetworkingProfiler: OnSessionChanged
[2022.04.05-20.38.54:307][  0]MemoryProfiler: Initialize
[2022.04.05-20.38.54:307][  0]MemoryProfiler: OnSessionChanged
[2022.04.05-20.38.54:490][  0]LogCook: Display: CookSettings for Memory: MemoryMaxUsedVirtual 0MiB, MemoryMaxUsedPhysical 16384MiB, MemoryMinFreeVirtual 0MiB, MemoryMinFreePhysical 1024MiB
[2022.04.05-20.38.54:490][  0]LogCook: Display: Mobile HDR setting 1
[2022.04.05-20.38.54:651][  0]LogFileCache: Scanning file cache for directory 'C:/Users/Kevin/Documents/Unreal Projects/blueprintproj1/Content/' took 0.00s
[2022.04.05-20.38.54:977][  0]LogInit: Display: Engine is initialized. Leaving FEngineLoop::Init()
[2022.04.05-20.38.54:986][  0]SourceControl: Source control is disabled
[2022.04.05-20.38.54:986][  0]LogUnrealEdMisc: Loading editor; pre map load, took 8.104
[2022.04.05-20.38.54:986][  0]Cmd: MAP LOAD FILE="C:/Users/Kevin/Documents/Unreal Projects/blueprintproj1/Content/MyFirstProject.umap" TEMPLATE=0 SHOWPROGRESS=1 FEATURELEVEL=3
[2022.04.05-20.38.54:987][  0]LightingResults: New page: Lighting Build
[2022.04.05-20.38.54:989][  0]LogWorld: UWorld::CleanupWorld for Untitled, bSessionEnded=true, bCleanupResources=true
[2022.04.05-20.38.54:989][  0]LogSlate: InvalidateAllWidgets triggered.  All widgets were invalidated
[2022.04.05-20.38.54:989][  0]MapCheck: New page: Map Check
[2022.04.05-20.38.54:989][  0]LightingResults: New page: Lighting Build
[2022.04.05-20.38.54:994][  0]LogAudio: Display: Audio Device unregistered from world 'None'.
[2022.04.05-20.38.54:997][  0]LogUObjectHash: Compacting FUObjectHashTables data took   0.84ms
[2022.04.05-20.38.55:260][  0]LogAudio: Display: Audio Device (ID: 1) registered with world 'MyFirstProject'.
[2022.04.05-20.38.55:261][  0]LogAIModule: Creating AISystem for world MyFirstProject
[2022.04.05-20.38.55:266][  0]LogEditorServer: Finished looking for orphan Actors (0.000 secs)
[2022.04.05-20.38.55:276][  0]LogUObjectHash: Compacting FUObjectHashTables data took   1.10ms
[2022.04.05-20.38.55:276][  0]Cmd: MAP CHECKDEP NOCLEARLOG
[2022.04.05-20.38.55:276][  0]MapCheck: Map check complete: 0 Error(s), 0 Warning(s), took 0.275ms to complete.
[2022.04.05-20.38.55:276][  0]LogFileHelpers: Loading map 'MyFirstProject' took 0.290
[2022.04.05-20.38.55:279][  0]LogUnrealEdMisc: Total Editor Startup Time, took 8.397
[2022.04.05-20.38.55:970][  0]LogSlate: Updating window title bar state: overlay mode, drag disabled, window buttons hidden, title bar hidden
[2022.04.05-20.38.55:979][  0]LogSlate: Updating window title bar state: overlay mode, drag disabled, window buttons hidden, title bar hidden
[2022.04.05-20.38.55:988][  0]LogSlate: Updating window title bar state: overlay mode, drag disabled, window buttons hidden, title bar hidden
[2022.04.05-20.38.55:996][  0]LogSlate: Updating window title bar state: overlay mode, drag disabled, window buttons hidden, title bar hidden
[2022.04.05-20.38.56:282][  0]LogNativeClassHierarchy: Verbose: Native class hierarchy populated in 0.0128 seconds. Added 3822 classes and 928 folders.
[2022.04.05-20.38.56:335][  0]LogNativeClassHierarchy: Verbose: Native class hierarchy updated for 'WidgetCarousel' in 0.0005 seconds. Added 0 classes and 0 folders.
[2022.04.05-20.38.56:461][  0]LogPakFile: PakFile PrimaryIndexSize=187
[2022.04.05-20.38.56:461][  0]LogPakFile: PakFile PathHashIndexSize=101
[2022.04.05-20.38.56:461][  0]LogPakFile: PakFile FullDirectoryIndexSize=148
[2022.04.05-20.38.56:476][  0]LogShaderLibrary: Display: ShaderCodeLibraryPakFileMountedCallback: PakFile 'D:/unreal engine/UE_4.27/FeaturePacks/FP_FirstPerson.upack' (chunk index -1, root 'root:/') mounted
[2022.04.05-20.38.56:476][  0]LogShaderLibrary: Display: ShaderCodeLibraryPakFileMountedCallback: pending pak file info (ChunkID:-1 Root:root:/ File:D:/unreal engine/UE_4.27/FeaturePacks/FP_FirstPerson.upack)
[2022.04.05-20.38.56:476][  0]LogPakFile: OnPakFileMounted2Time == 0.014610
[2022.04.05-20.38.56:493][  0]LogPakFile: PakFile PrimaryIndexSize=189
[2022.04.05-20.38.56:493][  0]LogPakFile: PakFile PathHashIndexSize=101
[2022.04.05-20.38.56:493][  0]LogPakFile: PakFile FullDirectoryIndexSize=152
[2022.04.05-20.38.56:493][  0]LogShaderLibrary: Display: ShaderCodeLibraryPakFileMountedCallback: PakFile 'D:/unreal engine/UE_4.27/FeaturePacks/FP_FirstPersonBP.upack' (chunk index -1, root 'root:/') mounted
[2022.04.05-20.38.56:493][  0]LogShaderLibrary: Display: ShaderCodeLibraryPakFileMountedCallback: pending pak file info (ChunkID:-1 Root:root:/ File:D:/unreal engine/UE_4.27/FeaturePacks/FP_FirstPersonBP.upack)
[2022.04.05-20.38.56:493][  0]LogPakFile: OnPakFileMounted2Time == 0.000111
[2022.04.05-20.38.56:526][  0]LogPakFile: PakFile PrimaryIndexSize=191
[2022.04.05-20.38.56:526][  0]LogPakFile: PakFile PathHashIndexSize=101
[2022.04.05-20.38.56:526][  0]LogPakFile: PakFile FullDirectoryIndexSize=160
[2022.04.05-20.38.56:526][  0]LogShaderLibrary: Display: ShaderCodeLibraryPakFileMountedCallback: PakFile 'D:/unreal engine/UE_4.27/FeaturePacks/MobileStarterContent.upack' (chunk index -1, root 'root:/') mounted
[2022.04.05-20.38.56:526][  0]LogShaderLibrary: Display: ShaderCodeLibraryPakFileMountedCallback: pending pak file info (ChunkID:-1 Root:root:/ File:D:/unreal engine/UE_4.27/FeaturePacks/MobileStarterContent.upack)
[2022.04.05-20.38.56:526][  0]LogPakFile: OnPakFileMounted2Time == 0.000052
[2022.04.05-20.38.56:532][  0]LogPakFile: PakFile PrimaryIndexSize=185
[2022.04.05-20.38.56:532][  0]LogPakFile: PakFile PathHashIndexSize=101
[2022.04.05-20.38.56:532][  0]LogPakFile: PakFile FullDirectoryIndexSize=148
[2022.04.05-20.38.56:532][  0]LogShaderLibrary: Display: ShaderCodeLibraryPakFileMountedCallback: PakFile 'D:/unreal engine/UE_4.27/FeaturePacks/StarterContent.upack' (chunk index -1, root 'root:/') mounted
[2022.04.05-20.38.56:532][  0]LogShaderLibrary: Display: ShaderCodeLibraryPakFileMountedCallback: pending pak file info (ChunkID:-1 Root:root:/ File:D:/unreal engine/UE_4.27/FeaturePacks/StarterContent.upack)
[2022.04.05-20.38.56:532][  0]LogPakFile: OnPakFileMounted2Time == 0.000049
[2022.04.05-20.38.56:546][  0]LogPakFile: PakFile PrimaryIndexSize=190
[2022.04.05-20.38.56:546][  0]LogPakFile: PakFile PathHashIndexSize=101
[2022.04.05-20.38.56:546][  0]LogPakFile: PakFile FullDirectoryIndexSize=154
[2022.04.05-20.38.56:546][  0]LogShaderLibrary: Display: ShaderCodeLibraryPakFileMountedCallback: PakFile 'D:/unreal engine/UE_4.27/FeaturePacks/TP_2DSideScroller.upack' (chunk index -1, root 'root:/') mounted
[2022.04.05-20.38.56:546][  0]LogShaderLibrary: Display: ShaderCodeLibraryPakFileMountedCallback: pending pak file info (ChunkID:-1 Root:root:/ File:D:/unreal engine/UE_4.27/FeaturePacks/TP_2DSideScroller.upack)
[2022.04.05-20.38.56:546][  0]LogPakFile: OnPakFileMounted2Time == 0.000079
[2022.04.05-20.38.56:551][  0]LogPakFile: PakFile PrimaryIndexSize=192
[2022.04.05-20.38.56:551][  0]LogPakFile: PakFile PathHashIndexSize=101
[2022.04.05-20.38.56:552][  0]LogPakFile: PakFile FullDirectoryIndexSize=158
[2022.04.05-20.38.56:552][  0]LogShaderLibrary: Display: ShaderCodeLibraryPakFileMountedCallback: PakFile 'D:/unreal engine/UE_4.27/FeaturePacks/TP_2DSideScrollerBP.upack' (chunk index -1, root 'root:/') mounted
[2022.04.05-20.38.56:552][  0]LogShaderLibrary: Display: ShaderCodeLibraryPakFileMountedCallback: pending pak file info (ChunkID:-1 Root:root:/ File:D:/unreal engine/UE_4.27/FeaturePacks/TP_2DSideScrollerBP.upack)
[2022.04.05-20.38.56:552][  0]LogPakFile: OnPakFileMounted2Time == 0.000071
[2022.04.05-20.38.56:554][  0]LogPakFile: PakFile PrimaryIndexSize=182
[2022.04.05-20.38.56:554][  0]LogPakFile: PakFile PathHashIndexSize=101
[2022.04.05-20.38.56:554][  0]LogPakFile: PakFile FullDirectoryIndexSize=138
[2022.04.05-20.38.56:554][  0]LogShaderLibrary: Display: ShaderCodeLibraryPakFileMountedCallback: PakFile 'D:/unreal engine/UE_4.27/FeaturePacks/TP_Flying.upack' (chunk index -1, root 'root:/') mounted
[2022.04.05-20.38.56:554][  0]LogShaderLibrary: Display: ShaderCodeLibraryPakFileMountedCallback: pending pak file info (ChunkID:-1 Root:root:/ File:D:/unreal engine/UE_4.27/FeaturePacks/TP_Flying.upack)
[2022.04.05-20.38.56:554][  0]LogPakFile: OnPakFileMounted2Time == 0.000053
[2022.04.05-20.38.56:563][  0]LogPakFile: PakFile PrimaryIndexSize=184
[2022.04.05-20.38.56:563][  0]LogPakFile: PakFile PathHashIndexSize=101
[2022.04.05-20.38.56:563][  0]LogPakFile: PakFile FullDirectoryIndexSize=142
[2022.04.05-20.38.56:564][  0]LogShaderLibrary: Display: ShaderCodeLibraryPakFileMountedCallback: PakFile 'D:/unreal engine/UE_4.27/FeaturePacks/TP_FlyingBP.upack' (chunk index -1, root 'root:/') mounted
[2022.04.05-20.38.56:564][  0]LogShaderLibrary: Display: ShaderCodeLibraryPakFileMountedCallback: pending pak file info (ChunkID:-1 Root:root:/ File:D:/unreal engine/UE_4.27/FeaturePacks/TP_FlyingBP.upack)
[2022.04.05-20.38.56:564][  0]LogPakFile: OnPakFileMounted2Time == 0.000112
[2022.04.05-20.38.56:580][  0]LogPakFile: PakFile PrimaryIndexSize=188
[2022.04.05-20.38.56:580][  0]LogPakFile: PakFile PathHashIndexSize=101
[2022.04.05-20.38.56:580][  0]LogPakFile: PakFile FullDirectoryIndexSize=150
[2022.04.05-20.38.56:580][  0]LogShaderLibrary: Display: ShaderCodeLibraryPakFileMountedCallback: PakFile 'D:/unreal engine/UE_4.27/FeaturePacks/TP_HandheldARBP.upack' (chunk index -1, root 'root:/') mounted
[2022.04.05-20.38.56:580][  0]LogShaderLibrary: Display: ShaderCodeLibraryPakFileMountedCallback: pending pak file info (ChunkID:-1 Root:root:/ File:D:/unreal engine/UE_4.27/FeaturePacks/TP_HandheldARBP.upack)
[2022.04.05-20.38.56:580][  0]LogPakFile: OnPakFileMounted2Time == 0.000074
[2022.04.05-20.38.56:607][  0]LogPakFile: PakFile PrimaryIndexSize=182
[2022.04.05-20.38.56:607][  0]LogPakFile: PakFile PathHashIndexSize=101
[2022.04.05-20.38.56:607][  0]LogPakFile: PakFile FullDirectoryIndexSize=138
[2022.04.05-20.38.56:607][  0]LogShaderLibrary: Display: ShaderCodeLibraryPakFileMountedCallback: PakFile 'D:/unreal engine/UE_4.27/FeaturePacks/TP_Puzzle.upack' (chunk index -1, root 'root:/') mounted
[2022.04.05-20.38.56:607][  0]LogShaderLibrary: Display: ShaderCodeLibraryPakFileMountedCallback: pending pak file info (ChunkID:-1 Root:root:/ File:D:/unreal engine/UE_4.27/FeaturePacks/TP_Puzzle.upack)
[2022.04.05-20.38.56:607][  0]LogPakFile: OnPakFileMounted2Time == 0.000092
[2022.04.05-20.38.56:630][  0]LogPakFile: PakFile PrimaryIndexSize=184
[2022.04.05-20.38.56:630][  0]LogPakFile: PakFile PathHashIndexSize=101
[2022.04.05-20.38.56:630][  0]LogPakFile: PakFile FullDirectoryIndexSize=142
[2022.04.05-20.38.56:630][  0]LogShaderLibrary: Display: ShaderCodeLibraryPakFileMountedCallback: PakFile 'D:/unreal engine/UE_4.27/FeaturePacks/TP_PuzzleBP.upack' (chunk index -1, root 'root:/') mounted
[2022.04.05-20.38.56:630][  0]LogShaderLibrary: Display: ShaderCodeLibraryPakFileMountedCallback: pending pak file info (ChunkID:-1 Root:root:/ File:D:/unreal engine/UE_4.27/FeaturePacks/TP_PuzzleBP.upack)
[2022.04.05-20.38.56:631][  0]LogPakFile: OnPakFileMounted2Time == 0.000047
[2022.04.05-20.38.56:641][  0]LogPakFile: PakFile PrimaryIndexSize=183
[2022.04.05-20.38.56:641][  0]LogPakFile: PakFile PathHashIndexSize=101
[2022.04.05-20.38.56:641][  0]LogPakFile: PakFile FullDirectoryIndexSize=140
[2022.04.05-20.38.56:641][  0]LogShaderLibrary: Display: ShaderCodeLibraryPakFileMountedCallback: PakFile 'D:/unreal engine/UE_4.27/FeaturePacks/TP_Rolling.upack' (chunk index -1, root 'root:/') mounted
[2022.04.05-20.38.56:641][  0]LogShaderLibrary: Display: ShaderCodeLibraryPakFileMountedCallback: pending pak file info (ChunkID:-1 Root:root:/ File:D:/unreal engine/UE_4.27/FeaturePacks/TP_Rolling.upack)
[2022.04.05-20.38.56:641][  0]LogPakFile: OnPakFileMounted2Time == 0.000075
[2022.04.05-20.38.56:644][  0]LogPakFile: PakFile PrimaryIndexSize=185
[2022.04.05-20.38.56:644][  0]LogPakFile: PakFile PathHashIndexSize=101
[2022.04.05-20.38.56:644][  0]LogPakFile: PakFile FullDirectoryIndexSize=144
[2022.04.05-20.38.56:644][  0]LogShaderLibrary: Display: ShaderCodeLibraryPakFileMountedCallback: PakFile 'D:/unreal engine/UE_4.27/FeaturePacks/TP_RollingBP.upack' (chunk index -1, root 'root:/') mounted
[2022.04.05-20.38.56:644][  0]LogShaderLibrary: Display: ShaderCodeLibraryPakFileMountedCallback: pending pak file info (ChunkID:-1 Root:root:/ File:D:/unreal engine/UE_4.27/FeaturePacks/TP_RollingBP.upack)
[2022.04.05-20.38.56:644][  0]LogPakFile: OnPakFileMounted2Time == 0.000079
[2022.04.05-20.38.56:653][  0]LogPakFile: PakFile PrimaryIndexSize=188
[2022.04.05-20.38.56:653][  0]LogPakFile: PakFile PathHashIndexSize=101
[2022.04.05-20.38.56:653][  0]LogPakFile: PakFile FullDirectoryIndexSize=150
[2022.04.05-20.38.56:653][  0]LogShaderLibrary: Display: ShaderCodeLibraryPakFileMountedCallback: PakFile 'D:/unreal engine/UE_4.27/FeaturePacks/TP_SideScroller.upack' (chunk index -1, root 'root:/') mounted
[2022.04.05-20.38.56:653][  0]LogShaderLibrary: Display: ShaderCodeLibraryPakFileMountedCallback: pending pak file info (ChunkID:-1 Root:root:/ File:D:/unreal engine/UE_4.27/FeaturePacks/TP_SideScroller.upack)
[2022.04.05-20.38.56:653][  0]LogPakFile: OnPakFileMounted2Time == 0.000072
[2022.04.05-20.38.56:654][  0]LogPakFile: PakFile PrimaryIndexSize=190
[2022.04.05-20.38.56:654][  0]LogPakFile: PakFile PathHashIndexSize=101
[2022.04.05-20.38.56:654][  0]LogPakFile: PakFile FullDirectoryIndexSize=154
[2022.04.05-20.38.56:654][  0]LogShaderLibrary: Display: ShaderCodeLibraryPakFileMountedCallback: PakFile 'D:/unreal engine/UE_4.27/FeaturePacks/TP_SideScrollerBP.upack' (chunk index -1, root 'root:/') mounted
[2022.04.05-20.38.56:654][  0]LogShaderLibrary: Display: ShaderCodeLibraryPakFileMountedCallback: pending pak file info (ChunkID:-1 Root:root:/ File:D:/unreal engine/UE_4.27/FeaturePacks/TP_SideScrollerBP.upack)
[2022.04.05-20.38.56:654][  0]LogPakFile: OnPakFileMounted2Time == 0.000067
[2022.04.05-20.38.56:656][  0]LogPakFile: PakFile PrimaryIndexSize=187
[2022.04.05-20.38.56:656][  0]LogPakFile: PakFile PathHashIndexSize=101
[2022.04.05-20.38.56:656][  0]LogPakFile: PakFile FullDirectoryIndexSize=148
[2022.04.05-20.38.56:656][  0]LogShaderLibrary: Display: ShaderCodeLibraryPakFileMountedCallback: PakFile 'D:/unreal engine/UE_4.27/FeaturePacks/TP_ThirdPerson.upack' (chunk index -1, root 'root:/') mounted
[2022.04.05-20.38.56:657][  0]LogShaderLibrary: Display: ShaderCodeLibraryPakFileMountedCallback: pending pak file info (ChunkID:-1 Root:root:/ File:D:/unreal engine/UE_4.27/FeaturePacks/TP_ThirdPerson.upack)
[2022.04.05-20.38.56:657][  0]LogPakFile: OnPakFileMounted2Time == 0.000110
[2022.04.05-20.38.56:658][  0]LogPakFile: PakFile PrimaryIndexSize=189
[2022.04.05-20.38.56:658][  0]LogPakFile: PakFile PathHashIndexSize=101
[2022.04.05-20.38.56:658][  0]LogPakFile: PakFile FullDirectoryIndexSize=152
[2022.04.05-20.38.56:658][  0]LogShaderLibrary: Display: ShaderCodeLibraryPakFileMountedCallback: PakFile 'D:/unreal engine/UE_4.27/FeaturePacks/TP_ThirdPersonBP.upack' (chunk index -1, root 'root:/') mounted
[2022.04.05-20.38.56:658][  0]LogShaderLibrary: Display: ShaderCodeLibraryPakFileMountedCallback: pending pak file info (ChunkID:-1 Root:root:/ File:D:/unreal engine/UE_4.27/FeaturePacks/TP_ThirdPersonBP.upack)
[2022.04.05-20.38.56:658][  0]LogPakFile: OnPakFileMounted2Time == 0.000046
[2022.04.05-20.38.56:671][  0]LogPakFile: PakFile PrimaryIndexSize=183
[2022.04.05-20.38.56:671][  0]LogPakFile: PakFile PathHashIndexSize=101
[2022.04.05-20.38.56:671][  0]LogPakFile: PakFile FullDirectoryIndexSize=140
[2022.04.05-20.38.56:671][  0]LogShaderLibrary: Display: ShaderCodeLibraryPakFileMountedCallback: PakFile 'D:/unreal engine/UE_4.27/FeaturePacks/TP_TopDown.upack' (chunk index -1, root 'root:/') mounted
[2022.04.05-20.38.56:671][  0]LogShaderLibrary: Display: ShaderCodeLibraryPakFileMountedCallback: pending pak file info (ChunkID:-1 Root:root:/ File:D:/unreal engine/UE_4.27/FeaturePacks/TP_TopDown.upack)
[2022.04.05-20.38.56:671][  0]LogPakFile: OnPakFileMounted2Time == 0.000059
[2022.04.05-20.38.56:673][  0]LogPakFile: PakFile PrimaryIndexSize=185
[2022.04.05-20.38.56:673][  0]LogPakFile: PakFile PathHashIndexSize=101
[2022.04.05-20.38.56:673][  0]LogPakFile: PakFile FullDirectoryIndexSize=144
[2022.04.05-20.38.56:673][  0]LogShaderLibrary: Display: ShaderCodeLibraryPakFileMountedCallback: PakFile 'D:/unreal engine/UE_4.27/FeaturePacks/TP_TopDownBP.upack' (chunk index -1, root 'root:/') mounted
[2022.04.05-20.38.56:673][  0]LogShaderLibrary: Display: ShaderCodeLibraryPakFileMountedCallback: pending pak file info (ChunkID:-1 Root:root:/ File:D:/unreal engine/UE_4.27/FeaturePacks/TP_TopDownBP.upack)
[2022.04.05-20.38.56:673][  0]LogPakFile: OnPakFileMounted2Time == 0.000045
[2022.04.05-20.38.56:674][  0]LogPakFile: PakFile PrimaryIndexSize=185
[2022.04.05-20.38.56:675][  0]LogPakFile: PakFile PathHashIndexSize=101
[2022.04.05-20.38.56:675][  0]LogPakFile: PakFile FullDirectoryIndexSize=144
[2022.04.05-20.38.56:675][  0]LogShaderLibrary: Display: ShaderCodeLibraryPakFileMountedCallback: PakFile 'D:/unreal engine/UE_4.27/FeaturePacks/TP_TwinStick.upack' (chunk index -1, root 'root:/') mounted
[2022.04.05-20.38.56:675][  0]LogShaderLibrary: Display: ShaderCodeLibraryPakFileMountedCallback: pending pak file info (ChunkID:-1 Root:root:/ File:D:/unreal engine/UE_4.27/FeaturePacks/TP_TwinStick.upack)
[2022.04.05-20.38.56:675][  0]LogPakFile: OnPakFileMounted2Time == 0.000061
[2022.04.05-20.38.56:685][  0]LogPakFile: PakFile PrimaryIndexSize=187
[2022.04.05-20.38.56:685][  0]LogPakFile: PakFile PathHashIndexSize=101
[2022.04.05-20.38.56:685][  0]LogPakFile: PakFile FullDirectoryIndexSize=148
[2022.04.05-20.38.56:685][  0]LogShaderLibrary: Display: ShaderCodeLibraryPakFileMountedCallback: PakFile 'D:/unreal engine/UE_4.27/FeaturePacks/TP_TwinStickBP.upack' (chunk index -1, root 'root:/') mounted
[2022.04.05-20.38.56:685][  0]LogShaderLibrary: Display: ShaderCodeLibraryPakFileMountedCallback: pending pak file info (ChunkID:-1 Root:root:/ File:D:/unreal engine/UE_4.27/FeaturePacks/TP_TwinStickBP.upack)
[2022.04.05-20.38.56:685][  0]LogPakFile: OnPakFileMounted2Time == 0.000044
[2022.04.05-20.38.56:701][  0]LogPakFile: PakFile PrimaryIndexSize=183
[2022.04.05-20.38.56:702][  0]LogPakFile: PakFile PathHashIndexSize=101
[2022.04.05-20.38.56:702][  0]LogPakFile: PakFile FullDirectoryIndexSize=140
[2022.04.05-20.38.56:702][  0]LogShaderLibrary: Display: ShaderCodeLibraryPakFileMountedCallback: PakFile 'D:/unreal engine/UE_4.27/FeaturePacks/TP_Vehicle.upack' (chunk index -1, root 'root:/') mounted
[2022.04.05-20.38.56:702][  0]LogShaderLibrary: Display: ShaderCodeLibraryPakFileMountedCallback: pending pak file info (ChunkID:-1 Root:root:/ File:D:/unreal engine/UE_4.27/FeaturePacks/TP_Vehicle.upack)
[2022.04.05-20.38.56:702][  0]LogPakFile: OnPakFileMounted2Time == 0.000072
[2022.04.05-20.38.56:711][  0]LogPakFile: PakFile PrimaryIndexSize=186
[2022.04.05-20.38.56:711][  0]LogPakFile: PakFile PathHashIndexSize=101
[2022.04.05-20.38.56:711][  0]LogPakFile: PakFile FullDirectoryIndexSize=146
[2022.04.05-20.38.56:711][  0]LogShaderLibrary: Display: ShaderCodeLibraryPakFileMountedCallback: PakFile 'D:/unreal engine/UE_4.27/FeaturePacks/TP_VehicleAdv.upack' (chunk index -1, root 'root:/') mounted
[2022.04.05-20.38.56:711][  0]LogShaderLibrary: Display: ShaderCodeLibraryPakFileMountedCallback: pending pak file info (ChunkID:-1 Root:root:/ File:D:/unreal engine/UE_4.27/FeaturePacks/TP_VehicleAdv.upack)
[2022.04.05-20.38.56:711][  0]LogPakFile: OnPakFileMounted2Time == 0.000048
[2022.04.05-20.38.56:721][  0]LogPakFile: PakFile PrimaryIndexSize=188
[2022.04.05-20.38.56:721][  0]LogPakFile: PakFile PathHashIndexSize=101
[2022.04.05-20.38.56:721][  0]LogPakFile: PakFile FullDirectoryIndexSize=150
[2022.04.05-20.38.56:721][  0]LogShaderLibrary: Display: ShaderCodeLibraryPakFileMountedCallback: PakFile 'D:/unreal engine/UE_4.27/FeaturePacks/TP_VehicleAdvBP.upack' (chunk index -1, root 'root:/') mounted
[2022.04.05-20.38.56:721][  0]LogShaderLibrary: Display: ShaderCodeLibraryPakFileMountedCallback: pending pak file info (ChunkID:-1 Root:root:/ File:D:/unreal engine/UE_4.27/FeaturePacks/TP_VehicleAdvBP.upack)
[2022.04.05-20.38.56:721][  0]LogPakFile: OnPakFileMounted2Time == 0.000074
[2022.04.05-20.38.56:723][  0]LogPakFile: PakFile PrimaryIndexSize=185
[2022.04.05-20.38.56:723][  0]LogPakFile: PakFile PathHashIndexSize=101
[2022.04.05-20.38.56:723][  0]LogPakFile: PakFile FullDirectoryIndexSize=144
[2022.04.05-20.38.56:723][  0]LogShaderLibrary: Display: ShaderCodeLibraryPakFileMountedCallback: PakFile 'D:/unreal engine/UE_4.27/FeaturePacks/TP_VehicleBP.upack' (chunk index -1, root 'root:/') mounted
[2022.04.05-20.38.56:723][  0]LogShaderLibrary: Display: ShaderCodeLibraryPakFileMountedCallback: pending pak file info (ChunkID:-1 Root:root:/ File:D:/unreal engine/UE_4.27/FeaturePacks/TP_VehicleBP.upack)
[2022.04.05-20.38.56:723][  0]LogPakFile: OnPakFileMounted2Time == 0.000049
[2022.04.05-20.38.56:750][  0]LogPakFile: PakFile PrimaryIndexSize=192
[2022.04.05-20.38.56:750][  0]LogPakFile: PakFile PathHashIndexSize=101
[2022.04.05-20.38.56:750][  0]LogPakFile: PakFile FullDirectoryIndexSize=158
[2022.04.05-20.38.56:750][  0]LogShaderLibrary: Display: ShaderCodeLibraryPakFileMountedCallback: PakFile 'D:/unreal engine/UE_4.27/FeaturePacks/TP_VirtualRealityBP.upack' (chunk index -1, root 'root:/') mounted
[2022.04.05-20.38.56:750][  0]LogShaderLibrary: Display: ShaderCodeLibraryPakFileMountedCallback: pending pak file info (ChunkID:-1 Root:root:/ File:D:/unreal engine/UE_4.27/FeaturePacks/TP_VirtualRealityBP.upack)
[2022.04.05-20.38.56:750][  0]LogPakFile: OnPakFileMounted2Time == 0.000046
[2022.04.05-20.38.57:259][  0]LogNativeClassHierarchy: Verbose: Native class hierarchy updated for 'AddContentDialog' in 0.0004 seconds. Added 0 classes and 0 folders.
[2022.04.05-20.38.57:295][  0]LogNativeClassHierarchy: Verbose: Native class hierarchy updated for 'SceneOutliner' in 0.0004 seconds. Added 2 classes and 0 folders.
[2022.04.05-20.38.57:903][  0]LogNativeClassHierarchy: Verbose: Native class hierarchy updated for 'HierarchicalLODOutliner' in 0.0004 seconds. Added 0 classes and 0 folders.
[2022.04.05-20.38.57:904][  0]LogLoad: (Engine Initialization) Total time: 11.02 seconds
[2022.04.05-20.38.57:904][  0]LogLoad: (Engine Initialization) Total Blueprint compile time: 0.00 seconds
[2022.04.05-20.38.57:996][  0]LogAssetRegistry: Asset discovery search completed in 7.2738 seconds
[2022.04.05-20.38.58:005][  0]LogCollectionManager: Fixed up redirectors for 0 collections in 0.000007 seconds (updated 0 objects)
[2022.04.05-20.38.58:026][  0]LogContentStreaming: Texture pool size now 1000 MB
[2022.04.05-20.38.58:036][  0]LogSlate: Took 0.000186 seconds to synchronously load lazily loaded font '../../../Engine/Content/Slate/Fonts/Roboto-Regular.ttf' (155K)
[2022.04.05-20.38.58:048][  0]LogSlate: Took 0.010609 seconds to synchronously load lazily loaded font '../../../Engine/Content/Editor/Slate/Fonts/FontAwesome.ttf' (139K)
[2022.04.05-20.38.58:063][  0]LogSlate: Took 0.000146 seconds to synchronously load lazily loaded font '../../../Engine/Content/Slate/Fonts/Roboto-Bold.ttf' (160K)
[2022.04.05-20.38.58:680][  0]LogRenderer: Reallocating scene render targets to support 912x444 Format 10 NumSamples 1 (Frame:1).
[2022.04.05-20.42.59:982][718]LogUdpMessaging: Warning: UDP messaging encountered an error. Auto repair routine started for reinitialization
